<?xml version="1.0" encoding="UTF-8"?>
<testsuites name="nextest" tests="486" failures="0" errors="0" uuid="2b751796-ac0d-4f29-bd5a-54fc3a10de79" timestamp="2025-11-08T00:50:40.356+00:00" time="44.631">
    <testsuite name="cbork-utils" tests="25" disabled="0" errors="0" failures="0">
        <testcase name="array::tests::test_array_bytes_roundtrip" classname="cbork-utils" timestamp="2025-11-08T00:50:41.544+00:00" time="0.034">
            <system-out>
running 1 test
test array::tests::test_array_bytes_roundtrip ... ok

test result: ok. 1 passed; 0 failed; 0 ignored; 0 measured; 24 filtered out; finished in 0.00s

</system-out>
            <system-err></system-err>
        </testcase>
        <testcase name="array::tests::test_array_edge_cases" classname="cbork-utils" timestamp="2025-11-08T00:50:41.548+00:00" time="0.037">
            <system-out>
running 1 test
test array::tests::test_array_edge_cases ... ok

test result: ok. 1 passed; 0 failed; 0 ignored; 0 measured; 24 filtered out; finished in 0.00s

</system-out>
            <system-err></system-err>
        </testcase>
        <testcase name="map::tests::test_empty_map" classname="cbork-utils" timestamp="2025-11-08T00:50:41.578+00:00" time="0.016">
            <system-out>
running 1 test
test map::tests::test_empty_map ... ok

test result: ok. 1 passed; 0 failed; 0 ignored; 0 measured; 24 filtered out; finished in 0.00s

</system-out>
            <system-err></system-err>
        </testcase>
        <testcase name="array::tests::test_array_mixed_elements" classname="cbork-utils" timestamp="2025-11-08T00:50:41.550+00:00" time="0.044">
            <system-out>
running 1 test
test array::tests::test_array_mixed_elements ... ok

test result: ok. 1 passed; 0 failed; 0 ignored; 0 measured; 24 filtered out; finished in 0.00s

</system-out>
            <system-err></system-err>
        </testcase>
        <testcase name="deterministic_helper::tests::test_get_declared_length" classname="cbork-utils" timestamp="2025-11-08T00:50:41.574+00:00" time="0.020">
            <system-out>
running 1 test
test deterministic_helper::tests::test_get_declared_length ... ok

test result: ok. 1 passed; 0 failed; 0 ignored; 0 measured; 24 filtered out; finished in 0.00s

</system-out>
            <system-err></system-err>
        </testcase>
        <testcase name="map::tests::test_duplicate_keys" classname="cbork-utils" timestamp="2025-11-08T00:50:41.576+00:00" time="0.018">
            <system-out>
running 1 test
test map::tests::test_duplicate_keys ... ok

test result: ok. 1 passed; 0 failed; 0 ignored; 0 measured; 24 filtered out; finished in 0.00s

</system-out>
            <system-err></system-err>
        </testcase>
        <testcase name="array::tests::test_array_larger_size" classname="cbork-utils" timestamp="2025-11-08T00:50:41.548+00:00" time="0.046">
            <system-out>
running 1 test
test array::tests::test_array_larger_size ... ok

test result: ok. 1 passed; 0 failed; 0 ignored; 0 measured; 24 filtered out; finished in 0.00s

</system-out>
            <system-err></system-err>
        </testcase>
        <testcase name="array::tests::test_array_with_indefinite_length" classname="cbork-utils" timestamp="2025-11-08T00:50:41.551+00:00" time="0.043">
            <system-out>
running 1 test
test array::tests::test_array_with_indefinite_length ... ok

test result: ok. 1 passed; 0 failed; 0 ignored; 0 measured; 24 filtered out; finished in 0.00s

</system-out>
            <system-err></system-err>
        </testcase>
        <testcase name="array::tests::test_empty_array" classname="cbork-utils" timestamp="2025-11-08T00:50:41.552+00:00" time="0.042">
            <system-out>
running 1 test
test array::tests::test_empty_array ... ok

test result: ok. 1 passed; 0 failed; 0 ignored; 0 measured; 24 filtered out; finished in 0.00s

</system-out>
            <system-err></system-err>
        </testcase>
        <testcase name="array::tests::test_array_minimal_length_encoding" classname="cbork-utils" timestamp="2025-11-08T00:50:41.550+00:00" time="0.044">
            <system-out>
running 1 test
test array::tests::test_array_minimal_length_encoding ... ok

test result: ok. 1 passed; 0 failed; 0 ignored; 0 measured; 24 filtered out; finished in 0.00s

</system-out>
            <system-err></system-err>
        </testcase>
        <testcase name="decode_helper::tests::test_decode_any_i32" classname="cbork-utils" timestamp="2025-11-08T00:50:41.558+00:00" time="0.054">
            <system-out>
running 1 test
test decode_helper::tests::test_decode_any_i32 ... ok

test result: ok. 1 passed; 0 failed; 0 ignored; 0 measured; 24 filtered out; finished in 0.01s

</system-out>
            <system-err></system-err>
        </testcase>
        <testcase name="deterministic_helper::tests::test_get_cbor_header_size" classname="cbork-utils" timestamp="2025-11-08T00:50:41.574+00:00" time="0.038">
            <system-out>
running 1 test
test deterministic_helper::tests::test_get_cbor_header_size ... ok

test result: ok. 1 passed; 0 failed; 0 ignored; 0 measured; 24 filtered out; finished in 0.00s

</system-out>
            <system-err></system-err>
        </testcase>
        <testcase name="decode_helper::tests::test_decode_any_not_cbor" classname="cbork-utils" timestamp="2025-11-08T00:50:41.559+00:00" time="0.053">
            <system-out>
running 1 test
test decode_helper::tests::test_decode_any_not_cbor ... ok

test result: ok. 1 passed; 0 failed; 0 ignored; 0 measured; 24 filtered out; finished in 0.00s

</system-out>
            <system-err></system-err>
        </testcase>
        <testcase name="map::tests::test_map_complex_keys" classname="cbork-utils" timestamp="2025-11-08T00:50:41.583+00:00" time="0.029">
            <system-out>
running 1 test
test map::tests::test_map_complex_keys ... ok

test result: ok. 1 passed; 0 failed; 0 ignored; 0 measured; 24 filtered out; finished in 0.00s

</system-out>
            <system-err></system-err>
        </testcase>
        <testcase name="array::tests::test_array_complex_elements" classname="cbork-utils" timestamp="2025-11-08T00:50:41.548+00:00" time="0.064">
            <system-out>
running 1 test
test array::tests::test_array_complex_elements ... ok

test result: ok. 1 passed; 0 failed; 0 ignored; 0 measured; 24 filtered out; finished in 0.00s

</system-out>
            <system-err></system-err>
        </testcase>
        <testcase name="decode_helper::tests::test_decode_any_u32" classname="cbork-utils" timestamp="2025-11-08T00:50:41.559+00:00" time="0.053">
            <system-out>
running 1 test
test decode_helper::tests::test_decode_any_u32 ... ok

test result: ok. 1 passed; 0 failed; 0 ignored; 0 measured; 24 filtered out; finished in 0.00s

</system-out>
            <system-err></system-err>
        </testcase>
        <testcase name="map::tests::test_map_edge_cases" classname="cbork-utils" timestamp="2025-11-08T00:50:41.584+00:00" time="0.029">
            <system-out>
running 1 test
test map::tests::test_map_edge_cases ... ok

test result: ok. 1 passed; 0 failed; 0 ignored; 0 measured; 24 filtered out; finished in 0.01s

</system-out>
            <system-err></system-err>
        </testcase>
        <testcase name="map::tests::test_map_entry_ord_comprehensive" classname="cbork-utils" timestamp="2025-11-08T00:50:41.586+00:00" time="0.027">
            <system-out>
running 1 test
test map::tests::test_map_entry_ord_comprehensive ... ok

test result: ok. 1 passed; 0 failed; 0 ignored; 0 measured; 24 filtered out; finished in 0.00s

</system-out>
            <system-err></system-err>
        </testcase>
        <testcase name="decode_helper::tests::test_decode_any_array" classname="cbork-utils" timestamp="2025-11-08T00:50:41.553+00:00" time="0.059">
            <system-out>
running 1 test
test decode_helper::tests::test_decode_any_array ... ok

test result: ok. 1 passed; 0 failed; 0 ignored; 0 measured; 24 filtered out; finished in 0.01s

</system-out>
            <system-err></system-err>
        </testcase>
        <testcase name="map::tests::test_map_lexicographic_ordering" classname="cbork-utils" timestamp="2025-11-08T00:50:41.595+00:00" time="0.018">
            <system-out>
running 1 test
test map::tests::test_map_lexicographic_ordering ... ok

test result: ok. 1 passed; 0 failed; 0 ignored; 0 measured; 24 filtered out; finished in 0.00s

</system-out>
            <system-err></system-err>
        </testcase>
        <testcase name="map::tests::test_map_entry_ord_len_edge_case" classname="cbork-utils" timestamp="2025-11-08T00:50:41.594+00:00" time="0.018">
            <system-out>
running 1 test
test map::tests::test_map_entry_ord_len_edge_case ... ok

test result: ok. 1 passed; 0 failed; 0 ignored; 0 measured; 24 filtered out; finished in 0.00s

</system-out>
            <system-err></system-err>
        </testcase>
        <testcase name="map::tests::test_map_minimal_length_encoding" classname="cbork-utils" timestamp="2025-11-08T00:50:41.601+00:00" time="0.012">
            <system-out>
running 1 test
test map::tests::test_map_minimal_length_encoding ... ok

test result: ok. 1 passed; 0 failed; 0 ignored; 0 measured; 24 filtered out; finished in 0.00s

</system-out>
            <system-err></system-err>
        </testcase>
        <testcase name="decode_helper::tests::test_decode_any_bytes" classname="cbork-utils" timestamp="2025-11-08T00:50:41.558+00:00" time="0.118">
            <system-out>
running 1 test
test decode_helper::tests::test_decode_any_bytes ... ok

test result: ok. 1 passed; 0 failed; 0 ignored; 0 measured; 24 filtered out; finished in 0.02s

</system-out>
            <system-err></system-err>
        </testcase>
        <testcase name="map::tests::test_map_bytes_roundtrip" classname="cbork-utils" timestamp="2025-11-08T00:50:41.581+00:00" time="0.094">
            <system-out>
running 1 test
test map::tests::test_map_bytes_roundtrip ... ok

test result: ok. 1 passed; 0 failed; 0 ignored; 0 measured; 24 filtered out; finished in 0.01s

</system-out>
            <system-err></system-err>
        </testcase>
        <testcase name="decode_helper::tests::test_decode_any_string" classname="cbork-utils" timestamp="2025-11-08T00:50:41.559+00:00" time="0.117">
            <system-out>
running 1 test
test decode_helper::tests::test_decode_any_string ... ok

test result: ok. 1 passed; 0 failed; 0 ignored; 0 measured; 24 filtered out; finished in 0.04s

</system-out>
            <system-err></system-err>
        </testcase>
    </testsuite>
    <testsuite name="cbork-abnf-parser::testsuite" tests="23" disabled="0" errors="0" failures="0">
        <testcase name="alternations::check_concatenation" classname="cbork-abnf-parser::testsuite" timestamp="2025-11-08T00:50:41.398+00:00" time="0.025">
            <system-out>
running 1 test
test alternations::check_concatenation ... ok

test result: ok. 1 passed; 0 failed; 0 ignored; 0 measured; 22 filtered out; finished in 0.01s

</system-out>
            <system-err></system-err>
        </testcase>
        <testcase name="alternations::check_alternation" classname="cbork-abnf-parser::testsuite" timestamp="2025-11-08T00:50:41.393+00:00" time="0.030">
            <system-out>
running 1 test
test alternations::check_alternation ... ok

test result: ok. 1 passed; 0 failed; 0 ignored; 0 measured; 22 filtered out; finished in 0.00s

</system-out>
            <system-err></system-err>
        </testcase>
        <testcase name="character_sets::check_vchar" classname="cbork-abnf-parser::testsuite" timestamp="2025-11-08T00:50:41.402+00:00" time="0.025">
            <system-out>
running 1 test
test character_sets::check_vchar ... ok

test result: ok. 1 passed; 0 failed; 0 ignored; 0 measured; 22 filtered out; finished in 0.00s

</system-out>
            <system-err></system-err>
        </testcase>
        <testcase name="character_sets::check_whitespace" classname="cbork-abnf-parser::testsuite" timestamp="2025-11-08T00:50:41.403+00:00" time="0.024">
            <system-out>
running 1 test
test character_sets::check_whitespace ... ok

test result: ok. 1 passed; 0 failed; 0 ignored; 0 measured; 22 filtered out; finished in 0.01s

</system-out>
            <system-err></system-err>
        </testcase>
        <testcase name="identifiers::check_rulename" classname="cbork-abnf-parser::testsuite" timestamp="2025-11-08T00:50:41.411+00:00" time="0.016">
            <system-out>
running 1 test
test identifiers::check_rulename ... ok

test result: ok. 1 passed; 0 failed; 0 ignored; 0 measured; 22 filtered out; finished in 0.01s

</system-out>
            <system-err></system-err>
        </testcase>
        <testcase name="comments::check_comment" classname="cbork-abnf-parser::testsuite" timestamp="2025-11-08T00:50:41.403+00:00" time="0.023">
            <system-out>
running 1 test
test comments::check_comment ... ok

test result: ok. 1 passed; 0 failed; 0 ignored; 0 measured; 22 filtered out; finished in 0.00s

</system-out>
            <system-err></system-err>
        </testcase>
        <testcase name="comments::check_c_wsp" classname="cbork-abnf-parser::testsuite" timestamp="2025-11-08T00:50:41.403+00:00" time="0.023">
            <system-out>
running 1 test
test comments::check_c_wsp ... ok

test result: ok. 1 passed; 0 failed; 0 ignored; 0 measured; 22 filtered out; finished in 0.00s

</system-out>
            <system-err></system-err>
        </testcase>
        <testcase name="elements::check_element" classname="cbork-abnf-parser::testsuite" timestamp="2025-11-08T00:50:41.404+00:00" time="0.050">
            <system-out>
running 1 test
test elements::check_element ... ok

test result: ok. 1 passed; 0 failed; 0 ignored; 0 measured; 22 filtered out; finished in 0.00s

</system-out>
            <system-err></system-err>
        </testcase>
        <testcase name="groups::check_group" classname="cbork-abnf-parser::testsuite" timestamp="2025-11-08T00:50:41.404+00:00" time="0.050">
            <system-out>
running 1 test
test groups::check_group ... ok

test result: ok. 1 passed; 0 failed; 0 ignored; 0 measured; 22 filtered out; finished in 0.01s

</system-out>
            <system-err></system-err>
        </testcase>
        <testcase name="rules::check_defined_as" classname="cbork-abnf-parser::testsuite" timestamp="2025-11-08T00:50:41.423+00:00" time="0.032">
            <system-out>
running 1 test
test rules::check_defined_as ... ok

test result: ok. 1 passed; 0 failed; 0 ignored; 0 measured; 22 filtered out; finished in 0.00s

</system-out>
            <system-err></system-err>
        </testcase>
        <testcase name="repetitions::check_repeat" classname="cbork-abnf-parser::testsuite" timestamp="2025-11-08T00:50:41.413+00:00" time="0.042">
            <system-out>
running 1 test
test repetitions::check_repeat ... ok

test result: ok. 1 passed; 0 failed; 0 ignored; 0 measured; 22 filtered out; finished in 0.00s

</system-out>
            <system-err></system-err>
        </testcase>
        <testcase name="repetitions::check_repetition" classname="cbork-abnf-parser::testsuite" timestamp="2025-11-08T00:50:41.418+00:00" time="0.036">
            <system-out>
running 1 test
test repetitions::check_repetition ... ok

test result: ok. 1 passed; 0 failed; 0 ignored; 0 measured; 22 filtered out; finished in 0.00s

</system-out>
            <system-err></system-err>
        </testcase>
        <testcase name="rules::check_elements" classname="cbork-abnf-parser::testsuite" timestamp="2025-11-08T00:50:41.425+00:00" time="0.030">
            <system-out>
running 1 test
test rules::check_elements ... ok

test result: ok. 1 passed; 0 failed; 0 ignored; 0 measured; 22 filtered out; finished in 0.00s

</system-out>
            <system-err></system-err>
        </testcase>
        <testcase name="rules::check_rule" classname="cbork-abnf-parser::testsuite" timestamp="2025-11-08T00:50:41.427+00:00" time="0.028">
            <system-out>
running 1 test
test rules::check_rule ... ok

test result: ok. 1 passed; 0 failed; 0 ignored; 0 measured; 22 filtered out; finished in 0.00s

</system-out>
            <system-err></system-err>
        </testcase>
        <testcase name="values::check_dec_val" classname="cbork-abnf-parser::testsuite" timestamp="2025-11-08T00:50:41.436+00:00" time="0.019">
            <system-out>
running 1 test
test values::check_dec_val ... ok

test result: ok. 1 passed; 0 failed; 0 ignored; 0 measured; 22 filtered out; finished in 0.00s

</system-out>
            <system-err></system-err>
        </testcase>
        <testcase name="values::check_char_val" classname="cbork-abnf-parser::testsuite" timestamp="2025-11-08T00:50:41.434+00:00" time="0.021">
            <system-out>
running 1 test
test values::check_char_val ... ok

test result: ok. 1 passed; 0 failed; 0 ignored; 0 measured; 22 filtered out; finished in 0.00s

</system-out>
            <system-err></system-err>
        </testcase>
        <testcase name="abnf::parse_abnf_files" classname="cbork-abnf-parser::testsuite" timestamp="2025-11-08T00:50:41.392+00:00" time="0.063">
            <system-out>
running 1 test
test abnf::parse_abnf_files ... ok

test result: ok. 1 passed; 0 failed; 0 ignored; 0 measured; 22 filtered out; finished in 0.04s

</system-out>
            <system-err></system-err>
        </testcase>
        <testcase name="groups::check_option" classname="cbork-abnf-parser::testsuite" timestamp="2025-11-08T00:50:41.404+00:00" time="0.050">
            <system-out>
running 1 test
test groups::check_option ... ok

test result: ok. 1 passed; 0 failed; 0 ignored; 0 measured; 22 filtered out; finished in 0.04s

</system-out>
            <system-err></system-err>
        </testcase>
        <testcase name="comments::check_c_nl" classname="cbork-abnf-parser::testsuite" timestamp="2025-11-08T00:50:41.403+00:00" time="0.052">
            <system-out>
running 1 test
test comments::check_c_nl ... ok

test result: ok. 1 passed; 0 failed; 0 ignored; 0 measured; 22 filtered out; finished in 0.04s

</system-out>
            <system-err></system-err>
        </testcase>
        <testcase name="values::check_bin_val" classname="cbork-abnf-parser::testsuite" timestamp="2025-11-08T00:50:41.432+00:00" time="0.047">
            <system-out>
running 1 test
test values::check_bin_val ... ok

test result: ok. 1 passed; 0 failed; 0 ignored; 0 measured; 22 filtered out; finished in 0.01s

</system-out>
            <system-err></system-err>
        </testcase>
        <testcase name="values::check_hex_val" classname="cbork-abnf-parser::testsuite" timestamp="2025-11-08T00:50:41.439+00:00" time="0.040">
            <system-out>
running 1 test
test values::check_hex_val ... ok

test result: ok. 1 passed; 0 failed; 0 ignored; 0 measured; 22 filtered out; finished in 0.01s

</system-out>
            <system-err></system-err>
        </testcase>
        <testcase name="values::check_prose_val" classname="cbork-abnf-parser::testsuite" timestamp="2025-11-08T00:50:41.455+00:00" time="0.025">
            <system-out>
running 1 test
test values::check_prose_val ... ok

test result: ok. 1 passed; 0 failed; 0 ignored; 0 measured; 22 filtered out; finished in 0.00s

</system-out>
            <system-err></system-err>
        </testcase>
        <testcase name="values::check_num_val" classname="cbork-abnf-parser::testsuite" timestamp="2025-11-08T00:50:41.442+00:00" time="0.047">
            <system-out>
running 1 test
test values::check_num_val ... ok

test result: ok. 1 passed; 0 failed; 0 ignored; 0 measured; 22 filtered out; finished in 0.00s

</system-out>
            <system-err></system-err>
        </testcase>
    </testsuite>
    <testsuite name="catalyst-signed-doc" tests="163" disabled="0" errors="0" failures="0">
        <testcase name="metadata::chain::tests::test_chain_encode_decode_without_doc_ref" classname="catalyst-signed-doc" timestamp="2025-11-08T00:50:40.626+00:00" time="0.027">
            <system-out>
running 1 test
test metadata::chain::tests::test_chain_encode_decode_without_doc_ref ... ok

test result: ok. 1 passed; 0 failed; 0 ignored; 0 measured; 162 filtered out; finished in 0.00s

</system-out>
            <system-err></system-err>
        </testcase>
        <testcase name="metadata::collaborators::tests::test_invalid_cbor_decode::invalid_empty_cbor_bytes" classname="catalyst-signed-doc" timestamp="2025-11-08T00:50:40.631+00:00" time="0.051">
            <system-out>
running 1 test
test metadata::collaborators::tests::test_invalid_cbor_decode::invalid_empty_cbor_bytes ... ok

test result: ok. 1 passed; 0 failed; 0 ignored; 0 measured; 162 filtered out; finished in 0.00s

</system-out>
            <system-err></system-err>
        </testcase>
        <testcase name="metadata::content_type::tests::cbor_coap_decoding_test::text_css_charset_utf_8" classname="catalyst-signed-doc" timestamp="2025-11-08T00:50:40.636+00:00" time="0.046">
            <system-out>
running 1 test
test metadata::content_type::tests::cbor_coap_decoding_test::text_css_charset_utf_8 ... ok

test result: ok. 1 passed; 0 failed; 0 ignored; 0 measured; 162 filtered out; finished in 0.00s

</system-out>
            <system-err></system-err>
        </testcase>
        <testcase name="metadata::content_type::tests::cbor_coap_decoding_test::application_cbor" classname="catalyst-signed-doc" timestamp="2025-11-08T00:50:40.633+00:00" time="0.050">
            <system-out>
running 1 test
test metadata::content_type::tests::cbor_coap_decoding_test::application_cbor ... ok

test result: ok. 1 passed; 0 failed; 0 ignored; 0 measured; 162 filtered out; finished in 0.00s

</system-out>
            <system-err></system-err>
        </testcase>
        <testcase name="metadata::collaborators::tests::test_invalid_cbor_decode::catalystid_not_in_id_form" classname="catalyst-signed-doc" timestamp="2025-11-08T00:50:40.628+00:00" time="0.055">
            <system-out>
running 1 test
test metadata::collaborators::tests::test_invalid_cbor_decode::catalystid_not_in_id_form ... ok

test result: ok. 1 passed; 0 failed; 0 ignored; 0 measured; 162 filtered out; finished in 0.00s

</system-out>
            <system-err></system-err>
        </testcase>
        <testcase name="metadata::content_type::tests::cbor_coap_decoding_test::text_plain_charset_utf_8" classname="catalyst-signed-doc" timestamp="2025-11-08T00:50:40.638+00:00" time="0.045">
            <system-out>
running 1 test
test metadata::content_type::tests::cbor_coap_decoding_test::text_plain_charset_utf_8 ... ok

test result: ok. 1 passed; 0 failed; 0 ignored; 0 measured; 162 filtered out; finished in 0.00s

</system-out>
            <system-err></system-err>
        </testcase>
        <testcase name="metadata::content_type::tests::cbor_coap_decoding_test::application_json" classname="catalyst-signed-doc" timestamp="2025-11-08T00:50:40.635+00:00" time="0.048">
            <system-out>
running 1 test
test metadata::content_type::tests::cbor_coap_decoding_test::application_json ... ok

test result: ok. 1 passed; 0 failed; 0 ignored; 0 measured; 162 filtered out; finished in 0.01s

</system-out>
            <system-err></system-err>
        </testcase>
        <testcase name="metadata::chain::tests::test_chain_encode_decode_with_doc_ref" classname="catalyst-signed-doc" timestamp="2025-11-08T00:50:40.623+00:00" time="0.108">
            <system-out>
running 1 test
test metadata::chain::tests::test_chain_encode_decode_with_doc_ref ... ok

test result: ok. 1 passed; 0 failed; 0 ignored; 0 measured; 162 filtered out; finished in 0.00s

</system-out>
            <system-err></system-err>
        </testcase>
        <testcase name="metadata::collaborators::tests::test_invalid_cbor_decode::empty_cbor_array" classname="catalyst-signed-doc" timestamp="2025-11-08T00:50:40.629+00:00" time="0.111">
            <system-out>
running 1 test
test metadata::collaborators::tests::test_invalid_cbor_decode::empty_cbor_array ... ok

test result: ok. 1 passed; 0 failed; 0 ignored; 0 measured; 162 filtered out; finished in 0.00s

</system-out>
            <system-err></system-err>
        </testcase>
        <testcase name="metadata::content_type::tests::cbor_unsupported_coap_decoding_test::application_ace_cbor" classname="catalyst-signed-doc" timestamp="2025-11-08T00:50:40.639+00:00" time="0.101">
            <system-out>
running 1 test
test metadata::content_type::tests::cbor_unsupported_coap_decoding_test::application_ace_cbor ... ok

test result: ok. 1 passed; 0 failed; 0 ignored; 0 measured; 162 filtered out; finished in 0.01s

</system-out>
            <system-err></system-err>
        </testcase>
        <testcase name="metadata::content_type::tests::content_type_string_test::text_css_charset_utf_8_template_handlebars" classname="catalyst-signed-doc" timestamp="2025-11-08T00:50:40.658+00:00" time="0.082">
            <system-out>
running 1 test
test metadata::content_type::tests::content_type_string_test::text_css_charset_utf_8_template_handlebars ... ok

test result: ok. 1 passed; 0 failed; 0 ignored; 0 measured; 162 filtered out; finished in 0.01s

</system-out>
            <system-err></system-err>
        </testcase>
        <testcase name="metadata::content_type::tests::content_type_string_test::application_cbor" classname="catalyst-signed-doc" timestamp="2025-11-08T00:50:40.647+00:00" time="0.093">
            <system-out>
running 1 test
test metadata::content_type::tests::content_type_string_test::application_cbor ... ok

test result: ok. 1 passed; 0 failed; 0 ignored; 0 measured; 162 filtered out; finished in 0.00s

</system-out>
            <system-err></system-err>
        </testcase>
        <testcase name="metadata::doc_type::tests::test_invalid_cbor_decode::invalid_tagged_uuid_v7" classname="catalyst-signed-doc" timestamp="2025-11-08T00:50:40.697+00:00" time="0.101">
            <system-out>
running 1 test
test metadata::doc_type::tests::test_invalid_cbor_decode::invalid_tagged_uuid_v7 ... ok

test result: ok. 1 passed; 0 failed; 0 ignored; 0 measured; 162 filtered out; finished in 0.00s

</system-out>
            <system-err></system-err>
        </testcase>
        <testcase name="metadata::content_type::tests::content_type_string_test::application_cddl" classname="catalyst-signed-doc" timestamp="2025-11-08T00:50:40.653+00:00" time="0.145">
            <system-out>
running 1 test
test metadata::content_type::tests::content_type_string_test::application_cddl ... ok

test result: ok. 1 passed; 0 failed; 0 ignored; 0 measured; 162 filtered out; finished in 0.00s

</system-out>
            <system-err></system-err>
        </testcase>
        <testcase name="metadata::doc_type::tests::test_valid_cbor_decode::valid_uuid_v4" classname="catalyst-signed-doc" timestamp="2025-11-08T00:50:40.706+00:00" time="0.093">
            <system-out>
running 1 test
test metadata::doc_type::tests::test_valid_cbor_decode::valid_uuid_v4 ... ok

test result: ok. 1 passed; 0 failed; 0 ignored; 0 measured; 162 filtered out; finished in 0.00s

</system-out>
            <system-err></system-err>
        </testcase>
        <testcase name="metadata::content_type::tests::content_type_string_test::application_schema_json" classname="catalyst-signed-doc" timestamp="2025-11-08T00:50:40.655+00:00" time="0.143">
            <system-out>
running 1 test
test metadata::content_type::tests::content_type_string_test::application_schema_json ... ok

test result: ok. 1 passed; 0 failed; 0 ignored; 0 measured; 162 filtered out; finished in 0.01s

</system-out>
            <system-err></system-err>
        </testcase>
        <testcase name="metadata::content_type::tests::content_type_string_test::text_html_charset_utf_8_template_handlebars" classname="catalyst-signed-doc" timestamp="2025-11-08T00:50:40.663+00:00" time="0.136">
            <system-out>
running 1 test
test metadata::content_type::tests::content_type_string_test::text_html_charset_utf_8_template_handlebars ... ok

test result: ok. 1 passed; 0 failed; 0 ignored; 0 measured; 162 filtered out; finished in 0.01s

</system-out>
            <system-err></system-err>
        </testcase>
        <testcase name="metadata::content_type::tests::content_type_string_test::text_plain_charset_utf_8_template_handlebars" classname="catalyst-signed-doc" timestamp="2025-11-08T00:50:40.683+00:00" time="0.116">
            <system-out>
running 1 test
test metadata::content_type::tests::content_type_string_test::text_plain_charset_utf_8_template_handlebars ... ok

test result: ok. 1 passed; 0 failed; 0 ignored; 0 measured; 162 filtered out; finished in 0.00s

</system-out>
            <system-err></system-err>
        </testcase>
        <testcase name="metadata::document_refs::tests::test_invalid_cbor_decode::invalid_untagged_uuids_v7_old_format_" classname="catalyst-signed-doc" timestamp="2025-11-08T00:50:40.716+00:00" time="0.083">
            <system-out>
running 1 test
test metadata::document_refs::tests::test_invalid_cbor_decode::invalid_untagged_uuids_v7_old_format_ ... ok

test result: ok. 1 passed; 0 failed; 0 ignored; 0 measured; 162 filtered out; finished in 0.01s

</system-out>
            <system-err></system-err>
        </testcase>
        <testcase name="metadata::content_type::tests::content_type_string_test::text_markdown_charset_utf_8" classname="catalyst-signed-doc" timestamp="2025-11-08T00:50:40.666+00:00" time="0.133">
            <system-out>
running 1 test
test metadata::content_type::tests::content_type_string_test::text_markdown_charset_utf_8 ... ok

test result: ok. 1 passed; 0 failed; 0 ignored; 0 measured; 162 filtered out; finished in 0.01s

</system-out>
            <system-err></system-err>
        </testcase>
        <testcase name="metadata::content_type::tests::content_type_string_test::text_html_charset_utf_8" classname="catalyst-signed-doc" timestamp="2025-11-08T00:50:40.659+00:00" time="0.139">
            <system-out>
running 1 test
test metadata::content_type::tests::content_type_string_test::text_html_charset_utf_8 ... ok

test result: ok. 1 passed; 0 failed; 0 ignored; 0 measured; 162 filtered out; finished in 0.00s

</system-out>
            <system-err></system-err>
        </testcase>
        <testcase name="metadata::content_type::tests::content_type_string_test::text_css_charset_utf_8" classname="catalyst-signed-doc" timestamp="2025-11-08T00:50:40.657+00:00" time="0.141">
            <system-out>
running 1 test
test metadata::content_type::tests::content_type_string_test::text_css_charset_utf_8 ... ok

test result: ok. 1 passed; 0 failed; 0 ignored; 0 measured; 162 filtered out; finished in 0.01s

</system-out>
            <system-err></system-err>
        </testcase>
        <testcase name="metadata::content_type::tests::content_type_string_test::application_json" classname="catalyst-signed-doc" timestamp="2025-11-08T00:50:40.654+00:00" time="0.145">
            <system-out>
running 1 test
test metadata::content_type::tests::content_type_string_test::application_json ... ok

test result: ok. 1 passed; 0 failed; 0 ignored; 0 measured; 162 filtered out; finished in 0.01s

</system-out>
            <system-err></system-err>
        </testcase>
        <testcase name="metadata::document_refs::tests::test_valid_cbor_decode::array_of_new_doc_ref_new_format_" classname="catalyst-signed-doc" timestamp="2025-11-08T00:50:40.728+00:00" time="0.071">
            <system-out>
running 1 test
test metadata::document_refs::tests::test_valid_cbor_decode::array_of_new_doc_ref_new_format_ ... ok

test result: ok. 1 passed; 0 failed; 0 ignored; 0 measured; 162 filtered out; finished in 0.00s

</system-out>
            <system-err></system-err>
        </testcase>
        <testcase name="metadata::content_type::tests::content_type_string_test::text_plain_charset_utf_8" classname="catalyst-signed-doc" timestamp="2025-11-08T00:50:40.676+00:00" time="0.123">
            <system-out>
running 1 test
test metadata::content_type::tests::content_type_string_test::text_plain_charset_utf_8 ... ok

test result: ok. 1 passed; 0 failed; 0 ignored; 0 measured; 162 filtered out; finished in 0.01s

</system-out>
            <system-err></system-err>
        </testcase>
        <testcase name="metadata::doc_type::tests::test_json_valid_serde::document_type_old_format" classname="catalyst-signed-doc" timestamp="2025-11-08T00:50:40.704+00:00" time="0.095">
            <system-out>
running 1 test
test metadata::doc_type::tests::test_json_valid_serde::document_type_old_format ... ok

test result: ok. 1 passed; 0 failed; 0 ignored; 0 measured; 162 filtered out; finished in 0.01s

</system-out>
            <system-err></system-err>
        </testcase>
        <testcase name="metadata::document_refs::tests::test_valid_cbor_decode::array_of_new_doc_ref_new_format_fail_policy" classname="catalyst-signed-doc" timestamp="2025-11-08T00:50:40.732+00:00" time="0.154">
            <system-out>
running 1 test
test metadata::document_refs::tests::test_valid_cbor_decode::array_of_new_doc_ref_new_format_fail_policy ... ok

test result: ok. 1 passed; 0 failed; 0 ignored; 0 measured; 162 filtered out; finished in 0.00s

</system-out>
            <system-err></system-err>
        </testcase>
        <testcase name="metadata::document_refs::tests::test_json_valid_serde::document_reference_type_old_format" classname="catalyst-signed-doc" timestamp="2025-11-08T00:50:40.725+00:00" time="0.160">
            <system-out>
running 1 test
test metadata::document_refs::tests::test_json_valid_serde::document_reference_type_old_format ... ok

test result: ok. 1 passed; 0 failed; 0 ignored; 0 measured; 162 filtered out; finished in 0.01s

</system-out>
            <system-err></system-err>
        </testcase>
        <testcase name="metadata::doc_type::tests::test_invalid_cbor_decode::invalid_empty_cbor_bytes" classname="catalyst-signed-doc" timestamp="2025-11-08T00:50:40.688+00:00" time="0.198">
            <system-out>
running 1 test
test metadata::doc_type::tests::test_invalid_cbor_decode::invalid_empty_cbor_bytes ... ok

test result: ok. 1 passed; 0 failed; 0 ignored; 0 measured; 162 filtered out; finished in 0.01s

</system-out>
            <system-err></system-err>
        </testcase>
        <testcase name="metadata::document_refs::tests::test_invalid_cbor_decode::valid_array_of_two_uuid_v7_old_format_fail_policy" classname="catalyst-signed-doc" timestamp="2025-11-08T00:50:40.718+00:00" time="0.167">
            <system-out>
running 1 test
test metadata::document_refs::tests::test_invalid_cbor_decode::valid_array_of_two_uuid_v7_old_format_fail_policy ... ok

test result: ok. 1 passed; 0 failed; 0 ignored; 0 measured; 162 filtered out; finished in 0.00s

</system-out>
            <system-err></system-err>
        </testcase>
        <testcase name="metadata::document_refs::tests::test_json_valid_serde::document_reference_type_new_format" classname="catalyst-signed-doc" timestamp="2025-11-08T00:50:40.721+00:00" time="0.165">
            <system-out>
running 1 test
test metadata::document_refs::tests::test_json_valid_serde::document_reference_type_new_format ... ok

test result: ok. 1 passed; 0 failed; 0 ignored; 0 measured; 162 filtered out; finished in 0.00s

</system-out>
            <system-err></system-err>
        </testcase>
        <testcase name="metadata::document_refs::tests::test_invalid_cbor_decode::invalid_empty_cbor_bytes" classname="catalyst-signed-doc" timestamp="2025-11-08T00:50:40.711+00:00" time="0.175">
            <system-out>
running 1 test
test metadata::document_refs::tests::test_invalid_cbor_decode::invalid_empty_cbor_bytes ... ok

test result: ok. 1 passed; 0 failed; 0 ignored; 0 measured; 162 filtered out; finished in 0.02s

</system-out>
            <system-err></system-err>
        </testcase>
        <testcase name="metadata::document_refs::tests::test_valid_cbor_decode::valid_single_doc_ref_old_format_" classname="catalyst-signed-doc" timestamp="2025-11-08T00:50:40.732+00:00" time="0.154">
            <system-out>
running 1 test
test metadata::document_refs::tests::test_valid_cbor_decode::valid_single_doc_ref_old_format_ ... ok

test result: ok. 1 passed; 0 failed; 0 ignored; 0 measured; 162 filtered out; finished in 0.02s

</system-out>
            <system-err></system-err>
        </testcase>
        <testcase name="metadata::content_type::tests::content_type_string_test::text_markdown_charset_utf_8_template_handlebars" classname="catalyst-signed-doc" timestamp="2025-11-08T00:50:40.674+00:00" time="0.212">
            <system-out>
running 1 test
test metadata::content_type::tests::content_type_string_test::text_markdown_charset_utf_8_template_handlebars ... ok

test result: ok. 1 passed; 0 failed; 0 ignored; 0 measured; 162 filtered out; finished in 0.00s

</system-out>
            <system-err></system-err>
        </testcase>
        <testcase name="metadata::document_refs::tests::test_valid_cbor_decode::valid_single_doc_ref_old_format_warn_policy" classname="catalyst-signed-doc" timestamp="2025-11-08T00:50:40.740+00:00" time="0.146">
            <system-out>
running 1 test
test metadata::document_refs::tests::test_valid_cbor_decode::valid_single_doc_ref_old_format_warn_policy ... ok

test result: ok. 1 passed; 0 failed; 0 ignored; 0 measured; 162 filtered out; finished in 0.01s

</system-out>
            <system-err></system-err>
        </testcase>
        <testcase name="metadata::document_refs::doc_locator::tests::test_doc_locator_encode_decode" classname="catalyst-signed-doc" timestamp="2025-11-08T00:50:40.709+00:00" time="0.177">
            <system-out>
running 1 test
test metadata::document_refs::doc_locator::tests::test_doc_locator_encode_decode ... ok

test result: ok. 1 passed; 0 failed; 0 ignored; 0 measured; 162 filtered out; finished in 0.02s

</system-out>
            <system-err></system-err>
        </testcase>
        <testcase name="metadata::document_refs::tests::test_invalid_cbor_decode::invalid_untagged_uuid_uuids_v7_new_format_" classname="catalyst-signed-doc" timestamp="2025-11-08T00:50:40.715+00:00" time="0.171">
            <system-out>
running 1 test
test metadata::document_refs::tests::test_invalid_cbor_decode::invalid_untagged_uuid_uuids_v7_new_format_ ... ok

test result: ok. 1 passed; 0 failed; 0 ignored; 0 measured; 162 filtered out; finished in 0.00s

</system-out>
            <system-err></system-err>
        </testcase>
        <testcase name="metadata::doc_type::tests::test_invalid_cbor_decode::invalid_untagged_uuid_v4" classname="catalyst-signed-doc" timestamp="2025-11-08T00:50:40.700+00:00" time="0.186">
            <system-out>
running 1 test
test metadata::doc_type::tests::test_invalid_cbor_decode::invalid_untagged_uuid_v4 ... ok

test result: ok. 1 passed; 0 failed; 0 ignored; 0 measured; 162 filtered out; finished in 0.02s

</system-out>
            <system-err></system-err>
        </testcase>
        <testcase name="metadata::tests::test_json_valid_serde::minimally_valid_json" classname="catalyst-signed-doc" timestamp="2025-11-08T00:50:40.754+00:00" time="0.132">
            <system-out>
running 1 test
test metadata::tests::test_json_valid_serde::minimally_valid_json ... ok

test result: ok. 1 passed; 0 failed; 0 ignored; 0 measured; 162 filtered out; finished in 0.00s

</system-out>
            <system-err></system-err>
        </testcase>
        <testcase name="validator::rules::chain::tests::test_invalid_chained_documents::not_the_same_type_as_the_chained_document" classname="catalyst-signed-doc" timestamp="2025-11-08T00:50:40.813+00:00" time="0.073">
            <system-out>
running 1 test
test validator::rules::chain::tests::test_invalid_chained_documents::not_the_same_type_as_the_chained_document ... ok

test result: ok. 1 passed; 0 failed; 0 ignored; 0 measured; 162 filtered out; finished in 0.03s

</system-out>
            <system-err></system-err>
        </testcase>
        <testcase name="validator::rules::chain::tests::test_invalid_chained_documents::not_have_a_ver_that_is_greater_than_the_ver_being_chained_to" classname="catalyst-signed-doc" timestamp="2025-11-08T00:50:40.793+00:00" time="0.094">
            <system-out>
running 1 test
test validator::rules::chain::tests::test_invalid_chained_documents::not_have_a_ver_that_is_greater_than_the_ver_being_chained_to ... ok

test result: ok. 1 passed; 0 failed; 0 ignored; 0 measured; 162 filtered out; finished in 0.04s

</system-out>
            <system-err></system-err>
        </testcase>
        <testcase name="validator::rules::chain::tests::test_valid_chained_documents::valid_intermediate_chained_documents_0_1_2_" classname="catalyst-signed-doc" timestamp="2025-11-08T00:50:40.814+00:00" time="0.073">
            <system-out>
running 1 test
test validator::rules::chain::tests::test_valid_chained_documents::valid_intermediate_chained_documents_0_1_2_ ... ok

test result: ok. 1 passed; 0 failed; 0 ignored; 0 measured; 162 filtered out; finished in 0.02s

</system-out>
            <system-err></system-err>
        </testcase>
        <testcase name="validator::rules::collaborators::tests::section_rule_not_specified_test::valid_collaborators_field_present" classname="catalyst-signed-doc" timestamp="2025-11-08T00:50:40.824+00:00" time="0.062">
            <system-out>
running 1 test
test validator::rules::collaborators::tests::section_rule_not_specified_test::valid_collaborators_field_present ... ok

test result: ok. 1 passed; 0 failed; 0 ignored; 0 measured; 162 filtered out; finished in 0.03s

</system-out>
            <system-err></system-err>
        </testcase>
        <testcase name="metadata::tests::test_json_valid_serde::minimally_valid_json_old_format_reference_type" classname="catalyst-signed-doc" timestamp="2025-11-08T00:50:40.787+00:00" time="0.099">
            <system-out>
running 1 test
test metadata::tests::test_json_valid_serde::minimally_valid_json_old_format_reference_type ... ok

test result: ok. 1 passed; 0 failed; 0 ignored; 0 measured; 162 filtered out; finished in 0.02s

</system-out>
            <system-err></system-err>
        </testcase>
        <testcase name="validator::rules::chain::tests::test_valid_chained_documents::valid_minimal_chained_documents_0_1_" classname="catalyst-signed-doc" timestamp="2025-11-08T00:50:40.815+00:00" time="0.072">
            <system-out>
running 1 test
test validator::rules::chain::tests::test_valid_chained_documents::valid_minimal_chained_documents_0_1_ ... ok

test result: ok. 1 passed; 0 failed; 0 ignored; 0 measured; 162 filtered out; finished in 0.01s

</system-out>
            <system-err></system-err>
        </testcase>
        <testcase name="validator::rules::collaborators::tests::section_rule_not_specified_test::missing_collaborators_field" classname="catalyst-signed-doc" timestamp="2025-11-08T00:50:40.820+00:00" time="0.067">
            <system-out>
running 1 test
test validator::rules::collaborators::tests::section_rule_not_specified_test::missing_collaborators_field ... ok

test result: ok. 1 passed; 0 failed; 0 ignored; 0 measured; 162 filtered out; finished in 0.00s

</system-out>
            <system-err></system-err>
        </testcase>
        <testcase name="validator::rules::chain::tests::test_invalid_chained_documents::not_have_the_same_id_as_the_document_being_chained_to" classname="catalyst-signed-doc" timestamp="2025-11-08T00:50:40.811+00:00" time="0.075">
            <system-out>
running 1 test
test validator::rules::chain::tests::test_invalid_chained_documents::not_have_the_same_id_as_the_document_being_chained_to ... ok

test result: ok. 1 passed; 0 failed; 0 ignored; 0 measured; 162 filtered out; finished in 0.01s

</system-out>
            <system-err></system-err>
        </testcase>
        <testcase name="metadata::document_refs::tests::test_invalid_cbor_decode::invalid_empty_cbor_array" classname="catalyst-signed-doc" timestamp="2025-11-08T00:50:40.710+00:00" time="0.177">
            <system-out>
running 1 test
test metadata::document_refs::tests::test_invalid_cbor_decode::invalid_empty_cbor_array ... ok

test result: ok. 1 passed; 0 failed; 0 ignored; 0 measured; 162 filtered out; finished in 0.02s

</system-out>
            <system-err></system-err>
        </testcase>
        <testcase name="validator::rules::collaborators::tests::section_rule_specified_not_optional_test::valid_collaborators_field_present" classname="catalyst-signed-doc" timestamp="2025-11-08T00:50:40.833+00:00" time="0.053">
            <system-out>
running 1 test
test validator::rules::collaborators::tests::section_rule_specified_not_optional_test::valid_collaborators_field_present ... ok

test result: ok. 1 passed; 0 failed; 0 ignored; 0 measured; 162 filtered out; finished in 0.00s

</system-out>
            <system-err></system-err>
        </testcase>
        <testcase name="validator::rules::chain::tests::test_without_chaining_documents" classname="catalyst-signed-doc" timestamp="2025-11-08T00:50:40.815+00:00" time="0.104">
            <system-out>
running 1 test
test validator::rules::chain::tests::test_without_chaining_documents ... ok

test result: ok. 1 passed; 0 failed; 0 ignored; 0 measured; 162 filtered out; finished in 0.04s

</system-out>
            <system-err></system-err>
        </testcase>
        <testcase name="validator::rules::chain::tests::test_invalid_chained_documents::not_have_its_absolute_height_exactly_one_more_than_the_height_of_the_document_being_chained_to" classname="catalyst-signed-doc" timestamp="2025-11-08T00:50:40.799+00:00" time="0.120">
            <system-out>
running 1 test
test validator::rules::chain::tests::test_invalid_chained_documents::not_have_its_absolute_height_exactly_one_more_than_the_height_of_the_document_being_chained_to ... ok

test result: ok. 1 passed; 0 failed; 0 ignored; 0 measured; 162 filtered out; finished in 0.01s

</system-out>
            <system-err></system-err>
        </testcase>
        <testcase name="metadata::document_refs::doc_locator::tests::test_doc_locator_encode_decode_empty" classname="catalyst-signed-doc" timestamp="2025-11-08T00:50:40.709+00:00" time="0.210">
            <system-out>
running 1 test
test metadata::document_refs::doc_locator::tests::test_doc_locator_encode_decode_empty ... ok

test result: ok. 1 passed; 0 failed; 0 ignored; 0 measured; 162 filtered out; finished in 0.01s

</system-out>
            <system-err></system-err>
        </testcase>
        <testcase name="metadata::tests::test_json_valid_serde::minimally_valid_json_new_format_reference_type" classname="catalyst-signed-doc" timestamp="2025-11-08T00:50:40.766+00:00" time="0.153">
            <system-out>
running 1 test
test metadata::tests::test_json_valid_serde::minimally_valid_json_new_format_reference_type ... ok

test result: ok. 1 passed; 0 failed; 0 ignored; 0 measured; 162 filtered out; finished in 0.03s

</system-out>
            <system-err></system-err>
        </testcase>
        <testcase name="validator::rules::collaborators::tests::section_rule_specified_optional_test::valid_collaborators_field_present" classname="catalyst-signed-doc" timestamp="2025-11-08T00:50:40.876+00:00" time="0.063">
            <system-out>
running 1 test
test validator::rules::collaborators::tests::section_rule_specified_optional_test::valid_collaborators_field_present ... ok

test result: ok. 1 passed; 0 failed; 0 ignored; 0 measured; 162 filtered out; finished in 0.01s

</system-out>
            <system-err></system-err>
        </testcase>
        <testcase name="validator::rules::collaborators::tests::section_rule_specified_optional_test::missing_collaborators_field" classname="catalyst-signed-doc" timestamp="2025-11-08T00:50:40.866+00:00" time="0.073">
            <system-out>
running 1 test
test validator::rules::collaborators::tests::section_rule_specified_optional_test::missing_collaborators_field ... ok

test result: ok. 1 passed; 0 failed; 0 ignored; 0 measured; 162 filtered out; finished in 0.01s

</system-out>
            <system-err></system-err>
        </testcase>
        <testcase name="validator::rules::content::tests::content_rule_specified_test::missing_content" classname="catalyst-signed-doc" timestamp="2025-11-08T00:50:40.885+00:00" time="0.054">
            <system-out>
running 1 test
test validator::rules::content::tests::content_rule_specified_test::missing_content ... ok

test result: ok. 1 passed; 0 failed; 0 ignored; 0 measured; 162 filtered out; finished in 0.03s

</system-out>
            <system-err></system-err>
        </testcase>
        <testcase name="validator::rules::content::tests::content_rule_specified_test::corrupted_content" classname="catalyst-signed-doc" timestamp="2025-11-08T00:50:40.881+00:00" time="0.058">
            <system-out>
running 1 test
test validator::rules::content::tests::content_rule_specified_test::corrupted_content ... ok

test result: ok. 1 passed; 0 failed; 0 ignored; 0 measured; 162 filtered out; finished in 0.01s

</system-out>
            <system-err></system-err>
        </testcase>
        <testcase name="validator::rules::content::tests::template_rule_nil_test::non_expected_not_nil_content" classname="catalyst-signed-doc" timestamp="2025-11-08T00:50:40.890+00:00" time="0.049">
            <system-out>
running 1 test
test validator::rules::content::tests::template_rule_nil_test::non_expected_not_nil_content ... ok

test result: ok. 1 passed; 0 failed; 0 ignored; 0 measured; 162 filtered out; finished in 0.00s

</system-out>
            <system-err></system-err>
        </testcase>
        <testcase name="validator::rules::content::tests::template_rule_nil_test::expected_nil_content" classname="catalyst-signed-doc" timestamp="2025-11-08T00:50:40.889+00:00" time="0.051">
            <system-out>
running 1 test
test validator::rules::content::tests::template_rule_nil_test::expected_nil_content ... ok

test result: ok. 1 passed; 0 failed; 0 ignored; 0 measured; 162 filtered out; finished in 0.00s

</system-out>
            <system-err></system-err>
        </testcase>
        <testcase name="validator::rules::content::tests::template_rule_nil_test::non_expected_not_nil_empty" classname="catalyst-signed-doc" timestamp="2025-11-08T00:50:40.891+00:00" time="0.049">
            <system-out>
running 1 test
test validator::rules::content::tests::template_rule_nil_test::non_expected_not_nil_empty ... ok

test result: ok. 1 passed; 0 failed; 0 ignored; 0 measured; 162 filtered out; finished in 0.01s

</system-out>
            <system-err></system-err>
        </testcase>
        <testcase name="validator::rules::content::tests::template_rule_not_nil_test::expected_not_nil_empty_content" classname="catalyst-signed-doc" timestamp="2025-11-08T00:50:40.891+00:00" time="0.048">
            <system-out>
running 1 test
test validator::rules::content::tests::template_rule_not_nil_test::expected_not_nil_empty_content ... ok

test result: ok. 1 passed; 0 failed; 0 ignored; 0 measured; 162 filtered out; finished in 0.01s

</system-out>
            <system-err></system-err>
        </testcase>
        <testcase name="validator::rules::content::tests::template_rule_not_nil_test::not_expected_nil_content" classname="catalyst-signed-doc" timestamp="2025-11-08T00:50:40.897+00:00" time="0.042">
            <system-out>
running 1 test
test validator::rules::content::tests::template_rule_not_nil_test::not_expected_nil_content ... ok

test result: ok. 1 passed; 0 failed; 0 ignored; 0 measured; 162 filtered out; finished in 0.03s

</system-out>
            <system-err></system-err>
        </testcase>
        <testcase name="validator::rules::content::tests::template_rule_not_nil_test::expected_not_nil_content" classname="catalyst-signed-doc" timestamp="2025-11-08T00:50:40.891+00:00" time="0.048">
            <system-out>
running 1 test
test validator::rules::content::tests::template_rule_not_nil_test::expected_not_nil_content ... ok

test result: ok. 1 passed; 0 failed; 0 ignored; 0 measured; 162 filtered out; finished in 0.01s

</system-out>
            <system-err></system-err>
        </testcase>
        <testcase name="validator::rules::content_encoding::tests::content_encoding_is_not_specified_rule_test" classname="catalyst-signed-doc" timestamp="2025-11-08T00:50:40.900+00:00" time="0.040">
            <system-out>
running 1 test
test validator::rules::content_encoding::tests::content_encoding_is_not_specified_rule_test ... ok

test result: ok. 1 passed; 0 failed; 0 ignored; 0 measured; 162 filtered out; finished in 0.00s

</system-out>
            <system-err></system-err>
        </testcase>
        <testcase name="validator::rules::doc_ref::tests::ref_multiple_specified_test::invalid_reference_to_the_document_which_has_different_id_and_ver_fields_as_stated_in_the_ref_field" classname="catalyst-signed-doc" timestamp="2025-11-08T00:50:40.920+00:00" time="0.033">
            <system-out>
running 1 test
test validator::rules::doc_ref::tests::ref_multiple_specified_test::invalid_reference_to_the_document_which_has_different_id_and_ver_fields_as_stated_in_the_ref_field ... ok

test result: ok. 1 passed; 0 failed; 0 ignored; 0 measured; 162 filtered out; finished in 0.00s

</system-out>
            <system-err></system-err>
        </testcase>
        <testcase name="validator::rules::content_type::tests::content_type_not_specified_rule_test" classname="catalyst-signed-doc" timestamp="2025-11-08T00:50:40.917+00:00" time="0.036">
            <system-out>
running 1 test
test validator::rules::content_type::tests::content_type_not_specified_rule_test ... ok

test result: ok. 1 passed; 0 failed; 0 ignored; 0 measured; 162 filtered out; finished in 0.00s

</system-out>
            <system-err></system-err>
        </testcase>
        <testcase name="validator::rules::content_type::tests::content_type_json_rule_test" classname="catalyst-signed-doc" timestamp="2025-11-08T00:50:40.908+00:00" time="0.045">
            <system-out>
running 1 test
test validator::rules::content_type::tests::content_type_json_rule_test ... ok

test result: ok. 1 passed; 0 failed; 0 ignored; 0 measured; 162 filtered out; finished in 0.01s

</system-out>
            <system-err></system-err>
        </testcase>
        <testcase name="validator::rules::content_type::tests::malformed_cbor_bytes_test" classname="catalyst-signed-doc" timestamp="2025-11-08T00:50:40.919+00:00" time="0.034">
            <system-out>
running 1 test
test validator::rules::content_type::tests::malformed_cbor_bytes_test ... ok

test result: ok. 1 passed; 0 failed; 0 ignored; 0 measured; 162 filtered out; finished in 0.00s

</system-out>
            <system-err></system-err>
        </testcase>
        <testcase name="validator::rules::doc_ref::tests::ref_multiple_specified_test::valid_reference_to_the_one_correct_document" classname="catalyst-signed-doc" timestamp="2025-11-08T00:50:40.929+00:00" time="0.024">
            <system-out>
running 1 test
test validator::rules::doc_ref::tests::ref_multiple_specified_test::valid_reference_to_the_one_correct_document ... ok

test result: ok. 1 passed; 0 failed; 0 ignored; 0 measured; 162 filtered out; finished in 0.00s

</system-out>
            <system-err></system-err>
        </testcase>
        <testcase name="validator::rules::doc_ref::tests::ref_multiple_specified_test::valid_reference_to_the_missing_one_document" classname="catalyst-signed-doc" timestamp="2025-11-08T00:50:40.926+00:00" time="0.027">
            <system-out>
running 1 test
test validator::rules::doc_ref::tests::ref_multiple_specified_test::valid_reference_to_the_missing_one_document ... ok

test result: ok. 1 passed; 0 failed; 0 ignored; 0 measured; 162 filtered out; finished in 0.00s

</system-out>
            <system-err></system-err>
        </testcase>
        <testcase name="validator::rules::doc_ref::tests::ref_multiple_specified_test::valid_reference_to_the_multiple_documents_one_of_them_invalid_type_field" classname="catalyst-signed-doc" timestamp="2025-11-08T00:50:40.929+00:00" time="0.024">
            <system-out>
running 1 test
test validator::rules::doc_ref::tests::ref_multiple_specified_test::valid_reference_to_the_multiple_documents_one_of_them_invalid_type_field ... ok

test result: ok. 1 passed; 0 failed; 0 ignored; 0 measured; 162 filtered out; finished in 0.00s

</system-out>
            <system-err></system-err>
        </testcase>
        <testcase name="validator::rules::doc_ref::tests::ref_non_multiple_specified_test::valid_document_with_multiple_references" classname="catalyst-signed-doc" timestamp="2025-11-08T00:50:40.932+00:00" time="0.021">
            <system-out>
running 1 test
test validator::rules::doc_ref::tests::ref_non_multiple_specified_test::valid_document_with_multiple_references ... ok

test result: ok. 1 passed; 0 failed; 0 ignored; 0 measured; 162 filtered out; finished in 0.01s

</system-out>
            <system-err></system-err>
        </testcase>
        <testcase name="validator::rules::doc_ref::tests::ref_non_multiple_specified_test::valid_document_with_a_single_reference" classname="catalyst-signed-doc" timestamp="2025-11-08T00:50:40.930+00:00" time="0.024">
            <system-out>
running 1 test
test validator::rules::doc_ref::tests::ref_non_multiple_specified_test::valid_document_with_a_single_reference ... ok

test result: ok. 1 passed; 0 failed; 0 ignored; 0 measured; 162 filtered out; finished in 0.00s

</system-out>
            <system-err></system-err>
        </testcase>
        <testcase name="validator::rules::content_type::tests::cbor_with_trailing_bytes_test" classname="catalyst-signed-doc" timestamp="2025-11-08T00:50:40.905+00:00" time="0.074">
            <system-out>
running 1 test
test validator::rules::content_type::tests::cbor_with_trailing_bytes_test ... ok

test result: ok. 1 passed; 0 failed; 0 ignored; 0 measured; 162 filtered out; finished in 0.00s

</system-out>
            <system-err></system-err>
        </testcase>
        <testcase name="validator::rules::content_encoding::tests::content_encoding_is_specified_rule_test" classname="catalyst-signed-doc" timestamp="2025-11-08T00:50:40.901+00:00" time="0.078">
            <system-out>
running 1 test
test validator::rules::content_encoding::tests::content_encoding_is_specified_rule_test ... ok

test result: ok. 1 passed; 0 failed; 0 ignored; 0 measured; 162 filtered out; finished in 0.00s

</system-out>
            <system-err></system-err>
        </testcase>
        <testcase name="validator::rules::content_type::tests::content_type_cbor_rule_test" classname="catalyst-signed-doc" timestamp="2025-11-08T00:50:40.907+00:00" time="0.073">
            <system-out>
running 1 test
test validator::rules::content_type::tests::content_type_cbor_rule_test ... ok

test result: ok. 1 passed; 0 failed; 0 ignored; 0 measured; 162 filtered out; finished in 0.00s

</system-out>
            <system-err></system-err>
        </testcase>
        <testcase name="validator::rules::collaborators::tests::section_rule_specified_not_optional_test::missing_collaborators_field" classname="catalyst-signed-doc" timestamp="2025-11-08T00:50:40.826+00:00" time="0.154">
            <system-out>
running 1 test
test validator::rules::collaborators::tests::section_rule_specified_not_optional_test::missing_collaborators_field ... ok

test result: ok. 1 passed; 0 failed; 0 ignored; 0 measured; 162 filtered out; finished in 0.00s

</system-out>
            <system-err></system-err>
        </testcase>
        <testcase name="validator::rules::doc_ref::tests::ref_multiple_specified_test::valid_reference_to_the_multiple_documents_one_of_them_missing_type_field" classname="catalyst-signed-doc" timestamp="2025-11-08T00:50:40.929+00:00" time="0.051">
            <system-out>
running 1 test
test validator::rules::doc_ref::tests::ref_multiple_specified_test::valid_reference_to_the_multiple_documents_one_of_them_missing_type_field ... ok

test result: ok. 1 passed; 0 failed; 0 ignored; 0 measured; 162 filtered out; finished in 0.00s

</system-out>
            <system-err></system-err>
        </testcase>
        <testcase name="validator::rules::doc_ref::tests::ref_rule_not_specified_test" classname="catalyst-signed-doc" timestamp="2025-11-08T00:50:40.936+00:00" time="0.044">
            <system-out>
running 1 test
test validator::rules::doc_ref::tests::ref_rule_not_specified_test ... ok

test result: ok. 1 passed; 0 failed; 0 ignored; 0 measured; 162 filtered out; finished in 0.00s

</system-out>
            <system-err></system-err>
        </testcase>
        <testcase name="validator::rules::doc_ref::tests::ref_specified_optional_test" classname="catalyst-signed-doc" timestamp="2025-11-08T00:50:40.940+00:00" time="0.040">
            <system-out>
running 1 test
test validator::rules::doc_ref::tests::ref_specified_optional_test ... ok

test result: ok. 1 passed; 0 failed; 0 ignored; 0 measured; 162 filtered out; finished in 0.00s

</system-out>
            <system-err></system-err>
        </testcase>
        <testcase name="validator::rules::id::tests::id_test::_id_too_far_in_past" classname="catalyst-signed-doc" timestamp="2025-11-08T00:50:40.947+00:00" time="0.033">
            <system-out>
running 1 test
test validator::rules::id::tests::id_test::_id_too_far_in_past ... ok

test result: ok. 1 passed; 0 failed; 0 ignored; 0 measured; 162 filtered out; finished in 0.00s

</system-out>
            <system-err></system-err>
        </testcase>
        <testcase name="validator::rules::id::tests::id_test::_id_too_far_in_future" classname="catalyst-signed-doc" timestamp="2025-11-08T00:50:40.944+00:00" time="0.048">
            <system-out>
running 1 test
test validator::rules::id::tests::id_test::_id_too_far_in_future ... ok

test result: ok. 1 passed; 0 failed; 0 ignored; 0 measured; 162 filtered out; finished in 0.00s

</system-out>
            <system-err></system-err>
        </testcase>
        <testcase name="validator::rules::doc_ref::tests::ref_multiple_specified_test::valid_reference_to_the_multiple_documents" classname="catalyst-signed-doc" timestamp="2025-11-08T00:50:40.926+00:00" time="0.066">
            <system-out>
running 1 test
test validator::rules::doc_ref::tests::ref_multiple_specified_test::valid_reference_to_the_multiple_documents ... ok

test result: ok. 1 passed; 0 failed; 0 ignored; 0 measured; 162 filtered out; finished in 0.00s

</system-out>
            <system-err></system-err>
        </testcase>
        <testcase name="validator::rules::content::tests::content_rule_specified_test::valid_content" classname="catalyst-signed-doc" timestamp="2025-11-08T00:50:40.886+00:00" time="0.110">
            <system-out>
running 1 test
test validator::rules::content::tests::content_rule_specified_test::valid_content ... ok

test result: ok. 1 passed; 0 failed; 0 ignored; 0 measured; 162 filtered out; finished in 0.06s

</system-out>
            <system-err></system-err>
        </testcase>
        <testcase name="validator::rules::id::tests::id_test::missing_id_field" classname="catalyst-signed-doc" timestamp="2025-11-08T00:50:40.949+00:00" time="0.048">
            <system-out>
running 1 test
test validator::rules::id::tests::id_test::missing_id_field ... ok

test result: ok. 1 passed; 0 failed; 0 ignored; 0 measured; 162 filtered out; finished in 0.00s

</system-out>
            <system-err></system-err>
        </testcase>
        <testcase name="validator::rules::ownership::tests::collaborators_field_based::ownership_test::first_version_catalyst_signed_document_two_authors" classname="catalyst-signed-doc" timestamp="2025-11-08T00:50:40.954+00:00" time="0.042">
            <system-out>
running 1 test
ProblemReport(State { context: &quot;Catalyst Signed Document Decoding&quot;, report: Report([Entry { kind: MissingField { field: &quot;type&quot; }, context: &quot;Metadata building&quot; }, Entry { kind: FunctionalValidation { explanation: &quot;Document must only be signed by one author&quot; }, context: &quot;Document ownership validation&quot; }]) })
test validator::rules::ownership::tests::collaborators_field_based::ownership_test::first_version_catalyst_signed_document_two_authors ... ok

test result: ok. 1 passed; 0 failed; 0 ignored; 0 measured; 162 filtered out; finished in 0.00s

</system-out>
            <system-err></system-err>
        </testcase>
        <testcase name="validator::rules::id::tests::id_test::valid_id" classname="catalyst-signed-doc" timestamp="2025-11-08T00:50:40.953+00:00" time="0.044">
            <system-out>
running 1 test
test validator::rules::id::tests::id_test::valid_id ... ok

test result: ok. 1 passed; 0 failed; 0 ignored; 0 measured; 162 filtered out; finished in 0.01s

</system-out>
            <system-err></system-err>
        </testcase>
        <testcase name="validator::rules::ownership::tests::collaborators_field_based::ownership_test::first_version_catalyst_signed_document_has_only_one_author" classname="catalyst-signed-doc" timestamp="2025-11-08T00:50:40.954+00:00" time="0.044">
            <system-out>
running 1 test
ProblemReport(State { context: &quot;Catalyst Signed Document Decoding&quot;, report: Report([Entry { kind: MissingField { field: &quot;type&quot; }, context: &quot;Metadata building&quot; }]) })
test validator::rules::ownership::tests::collaborators_field_based::ownership_test::first_version_catalyst_signed_document_has_only_one_author ... ok

test result: ok. 1 passed; 0 failed; 0 ignored; 0 measured; 162 filtered out; finished in 0.00s

</system-out>
            <system-err></system-err>
        </testcase>
        <testcase name="validator::rules::ownership::tests::collaborators_field_based::ownership_test::first_version_unsigned_catalyst_document" classname="catalyst-signed-doc" timestamp="2025-11-08T00:50:40.959+00:00" time="0.038">
            <system-out>
running 1 test
ProblemReport(State { context: &quot;Catalyst Signed Document Decoding&quot;, report: Report([Entry { kind: MissingField { field: &quot;type&quot; }, context: &quot;Metadata building&quot; }, Entry { kind: FunctionalValidation { explanation: &quot;Document must only be signed by one author&quot; }, context: &quot;Document ownership validation&quot; }]) })
test validator::rules::ownership::tests::collaborators_field_based::ownership_test::first_version_unsigned_catalyst_document ... ok

test result: ok. 1 passed; 0 failed; 0 ignored; 0 measured; 162 filtered out; finished in 0.00s

</system-out>
            <system-err></system-err>
        </testcase>
        <testcase name="validator::rules::ownership::tests::collaborators_field_based::ownership_test::latest_catalyst_signed_document_has_a_different_author_from_the_first_version" classname="catalyst-signed-doc" timestamp="2025-11-08T00:50:40.960+00:00" time="0.038">
            <system-out>
running 1 test
ProblemReport(State { context: &quot;Catalyst Signed Document Decoding&quot;, report: Report([Entry { kind: MissingField { field: &quot;type&quot; }, context: &quot;Metadata building&quot; }, Entry { kind: FunctionalValidation { explanation: &quot;Document must only be signed by original author and/or by collaborators defined in the previous version. Allowed signers: [\&quot;id.catalyst://cardano/qem8NzrlN_D2QlMWZiqHR7oW7xfTSJUfZNtctaec-Zk/0/0\&quot;], Document signers: [\&quot;id.catalyst://cardano/nu7Ouz3Mdx13f09tsIBut_Jm92_VYUWKHCkyQojellg/0/0\&quot;]&quot; }, context: &quot;Document ownership validation&quot; }]) })
test validator::rules::ownership::tests::collaborators_field_based::ownership_test::latest_catalyst_signed_document_has_a_different_author_from_the_first_version ... ok

test result: ok. 1 passed; 0 failed; 0 ignored; 0 measured; 162 filtered out; finished in 0.00s

</system-out>
            <system-err></system-err>
        </testcase>
        <testcase name="validator::rules::ownership::tests::collaborators_field_based::ownership_test::latest_version_catalyst_signed_document_signed_by_first_author_and_one_collaborator" classname="catalyst-signed-doc" timestamp="2025-11-08T00:50:40.975+00:00" time="0.038">
            <system-out>
running 1 test
ProblemReport(State { context: &quot;Catalyst Signed Document Decoding&quot;, report: Report([Entry { kind: MissingField { field: &quot;type&quot; }, context: &quot;Metadata building&quot; }]) })
test validator::rules::ownership::tests::collaborators_field_based::ownership_test::latest_version_catalyst_signed_document_signed_by_first_author_and_one_collaborator ... ok

test result: ok. 1 passed; 0 failed; 0 ignored; 0 measured; 162 filtered out; finished in 0.01s

</system-out>
            <system-err></system-err>
        </testcase>
        <testcase name="validator::rules::ownership::tests::collaborators_field_based::ownership_test::latest_version_catalyst_signed_document_signed_by_first_author_and_one_collaborator_and_one_unknown_collaborator" classname="catalyst-signed-doc" timestamp="2025-11-08T00:50:40.975+00:00" time="0.038">
            <system-out>
running 1 test
ProblemReport(State { context: &quot;Catalyst Signed Document Decoding&quot;, report: Report([Entry { kind: MissingField { field: &quot;type&quot; }, context: &quot;Metadata building&quot; }, Entry { kind: FunctionalValidation { explanation: &quot;Document must only be signed by original author and/or by collaborators defined in the previous version. Allowed signers: [\&quot;id.catalyst://cardano/u_BfX9LOUzkutabEMgcNgKYx6YY2zkdl0NKMsaPK5ks/0/0\&quot;, \&quot;id.catalyst://cardano/ViOD-HrH5eTYVet1MJMZtfSV0vmXSzcs2tTzmgBLRxE/0/0\&quot;], Document signers: [\&quot;id.catalyst://cardano/ViOD-HrH5eTYVet1MJMZtfSV0vmXSzcs2tTzmgBLRxE/0/0\&quot;, \&quot;id.catalyst://cardano/u_BfX9LOUzkutabEMgcNgKYx6YY2zkdl0NKMsaPK5ks/0/0\&quot;, \&quot;id.catalyst://cardano/dnlfJYH_rCggP_ovoSFoHr7uwKHSNdUwIvEA95Aq6O0/0/0\&quot;]&quot; }, context: &quot;Document ownership validation&quot; }]) })
test validator::rules::ownership::tests::collaborators_field_based::ownership_test::latest_version_catalyst_signed_document_signed_by_first_author_and_one_collaborator_and_one_unknown_collaborator ... ok

test result: ok. 1 passed; 0 failed; 0 ignored; 0 measured; 162 filtered out; finished in 0.01s

</system-out>
            <system-err></system-err>
        </testcase>
        <testcase name="validator::rules::ownership::tests::ref_field_based::ownership_test::first_version_catalyst_signed_document_has_only_one_author_missing_ref_field" classname="catalyst-signed-doc" timestamp="2025-11-08T00:50:40.979+00:00" time="0.034">
            <system-out>
running 1 test
ProblemReport(State { context: &quot;Catalyst Signed Document Decoding&quot;, report: Report([Entry { kind: MissingField { field: &quot;type&quot; }, context: &quot;Metadata building&quot; }, Entry { kind: MissingField { field: &quot;ref&quot; }, context: &quot;Document ownership validation&quot; }]) })
test validator::rules::ownership::tests::ref_field_based::ownership_test::first_version_catalyst_signed_document_has_only_one_author_missing_ref_field ... ok

test result: ok. 1 passed; 0 failed; 0 ignored; 0 measured; 162 filtered out; finished in 0.00s

</system-out>
            <system-err></system-err>
        </testcase>
        <testcase name="validator::rules::ownership::tests::collaborators_field_based::ownership_test::latest_version_catalyst_signed_document_signed_by_one_collaborator" classname="catalyst-signed-doc" timestamp="2025-11-08T00:50:40.979+00:00" time="0.035">
            <system-out>
running 1 test
ProblemReport(State { context: &quot;Catalyst Signed Document Decoding&quot;, report: Report([Entry { kind: MissingField { field: &quot;type&quot; }, context: &quot;Metadata building&quot; }]) })
test validator::rules::ownership::tests::collaborators_field_based::ownership_test::latest_version_catalyst_signed_document_signed_by_one_collaborator ... ok

test result: ok. 1 passed; 0 failed; 0 ignored; 0 measured; 162 filtered out; finished in 0.00s

</system-out>
            <system-err></system-err>
        </testcase>
        <testcase name="validator::rules::ownership::tests::ref_field_based::ownership_test::first_version_unsigned_catalyst_document" classname="catalyst-signed-doc" timestamp="2025-11-08T00:50:40.980+00:00" time="0.034">
            <system-out>
running 1 test
ProblemReport(State { context: &quot;Catalyst Signed Document Decoding&quot;, report: Report([Entry { kind: MissingField { field: &quot;type&quot; }, context: &quot;Metadata building&quot; }, Entry { kind: FunctionalValidation { explanation: &quot;Document must only be signed by one author&quot; }, context: &quot;Document ownership validation&quot; }]) })
test validator::rules::ownership::tests::ref_field_based::ownership_test::first_version_unsigned_catalyst_document ... ok

test result: ok. 1 passed; 0 failed; 0 ignored; 0 measured; 162 filtered out; finished in 0.01s

</system-out>
            <system-err></system-err>
        </testcase>
        <testcase name="validator::rules::ownership::tests::ref_field_based::ownership_test::latest_version_catalyst_signed_document_signed_by_first_author_of_the_referenced_doc" classname="catalyst-signed-doc" timestamp="2025-11-08T00:50:40.983+00:00" time="0.031">
            <system-out>
running 1 test
ProblemReport(State { context: &quot;Catalyst Signed Document Decoding&quot;, report: Report([Entry { kind: MissingField { field: &quot;type&quot; }, context: &quot;Metadata building&quot; }]) })
test validator::rules::ownership::tests::ref_field_based::ownership_test::latest_version_catalyst_signed_document_signed_by_first_author_of_the_referenced_doc ... ok

test result: ok. 1 passed; 0 failed; 0 ignored; 0 measured; 162 filtered out; finished in 0.00s

</system-out>
            <system-err></system-err>
        </testcase>
        <testcase name="validator::rules::ownership::tests::ref_field_based::ownership_test::latest_version_catalyst_signed_document_signed_by_other_author" classname="catalyst-signed-doc" timestamp="2025-11-08T00:50:40.989+00:00" time="0.027">
            <system-out>
running 1 test
ProblemReport(State { context: &quot;Catalyst Signed Document Decoding&quot;, report: Report([Entry { kind: MissingField { field: &quot;type&quot; }, context: &quot;Metadata building&quot; }, Entry { kind: FunctionalValidation { explanation: &quot;Document must only be signed by original author and/or by collaborators defined in the previous version. Allowed signers: [\&quot;id.catalyst://cardano/RJbOyT9e6DQCQCNlIa4V3iNryOPP3nhad6itIehqAuI/0/0\&quot;], Document signers: [\&quot;id.catalyst://cardano/cjhoEoEcroApe9h0okdJ-yiquTy9okvGMZ3zYCcpGXc/0/0\&quot;]&quot; }, context: &quot;Document ownership validation&quot; }]) })
test validator::rules::ownership::tests::ref_field_based::ownership_test::latest_version_catalyst_signed_document_signed_by_other_author ... ok

test result: ok. 1 passed; 0 failed; 0 ignored; 0 measured; 162 filtered out; finished in 0.00s

</system-out>
            <system-err></system-err>
        </testcase>
        <testcase name="validator::rules::ownership::tests::ref_field_based::ownership_test::latest_version_catalyst_signed_document_signed_by_one_collaborator_of_the_referenced_doc" classname="catalyst-signed-doc" timestamp="2025-11-08T00:50:40.984+00:00" time="0.032">
            <system-out>
running 1 test
ProblemReport(State { context: &quot;Catalyst Signed Document Decoding&quot;, report: Report([Entry { kind: MissingField { field: &quot;type&quot; }, context: &quot;Metadata building&quot; }]) })
test validator::rules::ownership::tests::ref_field_based::ownership_test::latest_version_catalyst_signed_document_signed_by_one_collaborator_of_the_referenced_doc ... ok

test result: ok. 1 passed; 0 failed; 0 ignored; 0 measured; 162 filtered out; finished in 0.01s

</system-out>
            <system-err></system-err>
        </testcase>
        <testcase name="validator::rules::ownership::tests::without_collaborators::ownership_test::first_version_catalyst_signed_document_has_only_one_author" classname="catalyst-signed-doc" timestamp="2025-11-08T00:50:40.989+00:00" time="0.027">
            <system-out>
running 1 test
ProblemReport(State { context: &quot;Catalyst Signed Document Decoding&quot;, report: Report([Entry { kind: MissingField { field: &quot;type&quot; }, context: &quot;Metadata building&quot; }]) })
test validator::rules::ownership::tests::without_collaborators::ownership_test::first_version_catalyst_signed_document_has_only_one_author ... ok

test result: ok. 1 passed; 0 failed; 0 ignored; 0 measured; 162 filtered out; finished in 0.00s

</system-out>
            <system-err></system-err>
        </testcase>
        <testcase name="validator::rules::ownership::tests::collaborators_field_based::ownership_test::latest_version_catalyst_signed_document_has_the_same_author_as_the_first_version" classname="catalyst-signed-doc" timestamp="2025-11-08T00:50:40.963+00:00" time="0.064">
            <system-out>
running 1 test
ProblemReport(State { context: &quot;Catalyst Signed Document Decoding&quot;, report: Report([Entry { kind: MissingField { field: &quot;type&quot; }, context: &quot;Metadata building&quot; }]) })
test validator::rules::ownership::tests::collaborators_field_based::ownership_test::latest_version_catalyst_signed_document_has_the_same_author_as_the_first_version ... ok

test result: ok. 1 passed; 0 failed; 0 ignored; 0 measured; 162 filtered out; finished in 0.00s

</system-out>
            <system-err></system-err>
        </testcase>
        <testcase name="validator::rules::ownership::tests::collaborators_field_based::ownership_test::latest_version_catalyst_signed_document_signed_by_first_author_and_not_added_collaborator" classname="catalyst-signed-doc" timestamp="2025-11-08T00:50:40.963+00:00" time="0.064">
            <system-out>
running 1 test
ProblemReport(State { context: &quot;Catalyst Signed Document Decoding&quot;, report: Report([Entry { kind: MissingField { field: &quot;type&quot; }, context: &quot;Metadata building&quot; }, Entry { kind: FunctionalValidation { explanation: &quot;Document must only be signed by original author and/or by collaborators defined in the previous version. Allowed signers: [\&quot;id.catalyst://cardano/bzVwjVRCBA6UJ_tUcOLpJc6ciGmvhTJzavcMAweJvgs/0/0\&quot;], Document signers: [\&quot;id.catalyst://cardano/TFRtbNyb4bKdFJUCUSKfQGTGQ6gCfKgc83752gIxD0w/0/0\&quot;, \&quot;id.catalyst://cardano/bzVwjVRCBA6UJ_tUcOLpJc6ciGmvhTJzavcMAweJvgs/0/0\&quot;]&quot; }, context: &quot;Document ownership validation&quot; }]) })
test validator::rules::ownership::tests::collaborators_field_based::ownership_test::latest_version_catalyst_signed_document_signed_by_first_author_and_not_added_collaborator ... ok

test result: ok. 1 passed; 0 failed; 0 ignored; 0 measured; 162 filtered out; finished in 0.01s

</system-out>
            <system-err></system-err>
        </testcase>
        <testcase name="validator::rules::ownership::tests::without_collaborators::ownership_test::latest_version_catalyst_signed_document_signed_by_first_author_and_not_added_collaborator" classname="catalyst-signed-doc" timestamp="2025-11-08T00:50:40.998+00:00" time="0.029">
            <system-out>
running 1 test
ProblemReport(State { context: &quot;Catalyst Signed Document Decoding&quot;, report: Report([Entry { kind: MissingField { field: &quot;type&quot; }, context: &quot;Metadata building&quot; }, Entry { kind: FunctionalValidation { explanation: &quot;Document must only be signed by original author and/or by collaborators defined in the previous version. Allowed signers: [\&quot;id.catalyst://cardano/en7D8pwOgdjIDAfG3lRYGHX9CEGd-MjH1FKX65c_BOw/0/0\&quot;], Document signers: [\&quot;id.catalyst://cardano/en7D8pwOgdjIDAfG3lRYGHX9CEGd-MjH1FKX65c_BOw/0/0\&quot;, \&quot;id.catalyst://cardano/eH3iclHRvCyFUyZg-8Y968DMesVKl3zoDZjrc8ks_LM/0/0\&quot;]&quot; }, context: &quot;Document ownership validation&quot; }]) })
[...]
test test_brand_parameters_doc::empty_content ... ok

test result: ok. 1 passed; 0 failed; 0 ignored; 0 measured; 4 filtered out; finished in 0.09s

</system-out>
            <system-err></system-err>
        </testcase>
        <testcase name="test_brand_parameters_doc::valid_document" classname="catalyst-signed-doc::brand_parameters" timestamp="2025-11-08T00:50:41.218+00:00" time="0.143">
            <system-out>
running 1 test
ProblemReport(State { context: &quot;Catalyst Signed Document Decoding&quot;, report: Report([]) })
test test_brand_parameters_doc::valid_document ... ok

test result: ok. 1 passed; 0 failed; 0 ignored; 0 measured; 4 filtered out; finished in 0.11s

</system-out>
            <system-err></system-err>
        </testcase>
    </testsuite>
    <testsuite name="cardano-chain-follower" tests="22" disabled="0" errors="0" failures="0">
        <testcase name="snapshot_id::tests::test_new" classname="cardano-chain-follower" timestamp="2025-11-08T00:50:40.587+00:00" time="0.046">
            <system-out>
running 1 test
test snapshot_id::tests::test_new ... ok

test result: ok. 1 passed; 0 failed; 0 ignored; 0 measured; 21 filtered out; finished in 0.00s

</system-out>
            <system-err></system-err>
        </testcase>
        <testcase name="snapshot_id::tests::test_parse_path" classname="cardano-chain-follower" timestamp="2025-11-08T00:50:40.589+00:00" time="0.044">
            <system-out>
running 1 test
test snapshot_id::tests::test_parse_path ... ok

test result: ok. 1 passed; 0 failed; 0 ignored; 0 measured; 21 filtered out; finished in 0.00s

</system-out>
            <system-err></system-err>
        </testcase>
        <testcase name="snapshot_id::tests::test_immutable_path" classname="cardano-chain-follower" timestamp="2025-11-08T00:50:40.586+00:00" time="0.046">
            <system-out>
running 1 test
test snapshot_id::tests::test_immutable_path ... ok

test result: ok. 1 passed; 0 failed; 0 ignored; 0 measured; 21 filtered out; finished in 0.00s

</system-out>
            <system-err></system-err>
        </testcase>
        <testcase name="stats::tests::test_mithril_reset" classname="cardano-chain-follower" timestamp="2025-11-08T00:50:40.591+00:00" time="0.045">
            <system-out>
running 1 test
test stats::tests::test_mithril_reset ... ok

test result: ok. 1 passed; 0 failed; 0 ignored; 0 measured; 21 filtered out; finished in 0.00s

</system-out>
            <system-err></system-err>
        </testcase>
        <testcase name="follow::tests::test_chain_follower_new" classname="cardano-chain-follower" timestamp="2025-11-08T00:50:40.579+00:00" time="0.058">
            <system-out>
running 1 test
test follow::tests::test_chain_follower_new ... ok

test result: ok. 1 passed; 0 failed; 0 ignored; 0 measured; 21 filtered out; finished in 0.00s

</system-out>
            <system-err></system-err>
        </testcase>
        <testcase name="stats::tests::test_statistics_as_json" classname="cardano-chain-follower" timestamp="2025-11-08T00:50:40.599+00:00" time="0.038">
            <system-out>
running 1 test
test stats::tests::test_statistics_as_json ... ok

test result: ok. 1 passed; 0 failed; 0 ignored; 0 measured; 21 filtered out; finished in 0.00s

</system-out>
            <system-err></system-err>
        </testcase>
        <testcase name="mithril_snapshot_config::tests::test_validate_genesis_vkey" classname="cardano-chain-follower" timestamp="2025-11-08T00:50:40.583+00:00" time="0.054">
            <system-out>
running 1 test
test mithril_snapshot_config::tests::test_validate_genesis_vkey ... ok

test result: ok. 1 passed; 0 failed; 0 ignored; 0 measured; 21 filtered out; finished in 0.00s

</system-out>
            <system-err></system-err>
        </testcase>
        <testcase name="mithril_snapshot_config::tests::test_default_for" classname="cardano-chain-follower" timestamp="2025-11-08T00:50:40.583+00:00" time="0.055">
            <system-out>
running 1 test
test mithril_snapshot_config::tests::test_default_for ... ok

test result: ok. 1 passed; 0 failed; 0 ignored; 0 measured; 21 filtered out; finished in 0.01s

</system-out>
            <system-err></system-err>
        </testcase>
        <testcase name="follow::tests::test_chain_follower_update_current_immutable_roll_forward" classname="cardano-chain-follower" timestamp="2025-11-08T00:50:40.582+00:00" time="0.055">
            <system-out>
running 1 test
test follow::tests::test_chain_follower_update_current_immutable_roll_forward ... ok

test result: ok. 1 passed; 0 failed; 0 ignored; 0 measured; 21 filtered out; finished in 0.00s

</system-out>
            <system-err></system-err>
        </testcase>
        <testcase name="stats::tests::test_statistics_reset_stats" classname="cardano-chain-follower" timestamp="2025-11-08T00:50:40.602+00:00" time="0.036">
            <system-out>
running 1 test
test stats::tests::test_statistics_reset_stats ... ok

test result: ok. 1 passed; 0 failed; 0 ignored; 0 measured; 21 filtered out; finished in 0.00s

</system-out>
            <system-err></system-err>
        </testcase>
        <testcase name="snapshot_id::tests::test_compare" classname="cardano-chain-follower" timestamp="2025-11-08T00:50:40.584+00:00" time="0.054">
            <system-out>
running 1 test
test snapshot_id::tests::test_compare ... ok

test result: ok. 1 passed; 0 failed; 0 ignored; 0 measured; 21 filtered out; finished in 0.00s

</system-out>
            <system-err></system-err>
        </testcase>
        <testcase name="stats::tests::test_live_reset" classname="cardano-chain-follower" timestamp="2025-11-08T00:50:40.590+00:00" time="0.063">
            <system-out>
running 1 test
test stats::tests::test_live_reset ... ok

test result: ok. 1 passed; 0 failed; 0 ignored; 0 measured; 21 filtered out; finished in 0.00s

</system-out>
            <system-err></system-err>
        </testcase>
        <testcase name="stats::tests::test_mithril_dl_started" classname="cardano-chain-follower" timestamp="2025-11-08T00:50:40.591+00:00" time="0.083">
            <system-out>
running 1 test
test stats::tests::test_mithril_dl_started ... ok

test result: ok. 1 passed; 0 failed; 0 ignored; 0 measured; 21 filtered out; finished in 0.00s

</system-out>
            <system-err></system-err>
        </testcase>
        <testcase name="follow::tests::test_chain_follower_update_current" classname="cardano-chain-follower" timestamp="2025-11-08T00:50:40.579+00:00" time="0.095">
            <system-out>
running 1 test
test follow::tests::test_chain_follower_update_current ... ok

test result: ok. 1 passed; 0 failed; 0 ignored; 0 measured; 21 filtered out; finished in 0.00s

</system-out>
            <system-err></system-err>
        </testcase>
        <testcase name="stats::thread::tests::test_thread_stat_initialization" classname="cardano-chain-follower" timestamp="2025-11-08T00:50:40.604+00:00" time="0.070">
            <system-out>
running 1 test
test stats::thread::tests::test_thread_stat_initialization ... ok

test result: ok. 1 passed; 0 failed; 0 ignored; 0 measured; 21 filtered out; finished in 0.00s

</system-out>
            <system-err></system-err>
        </testcase>
        <testcase name="snapshot_id::tests::test_try_new" classname="cardano-chain-follower" timestamp="2025-11-08T00:50:40.589+00:00" time="0.085">
            <system-out>
running 1 test
test snapshot_id::tests::test_try_new ... ok

test result: ok. 1 passed; 0 failed; 0 ignored; 0 measured; 21 filtered out; finished in 0.00s

</system-out>
            <system-err></system-err>
        </testcase>
        <testcase name="stats::thread::tests::test_thread_stat_update_cpu_time" classname="cardano-chain-follower" timestamp="2025-11-08T00:50:40.621+00:00" time="0.061">
            <system-out>
running 1 test
test stats::thread::tests::test_thread_stat_update_cpu_time ... ok

test result: ok. 1 passed; 0 failed; 0 ignored; 0 measured; 21 filtered out; finished in 0.01s

</system-out>
            <system-err></system-err>
        </testcase>
        <testcase name="stats::thread::tests::test_thread_stat_multiple_resumes" classname="cardano-chain-follower" timestamp="2025-11-08T00:50:40.608+00:00" time="0.074">
            <system-out>
running 1 test
test stats::thread::tests::test_thread_stat_multiple_resumes ... ok

test result: ok. 1 passed; 0 failed; 0 ignored; 0 measured; 21 filtered out; finished in 0.00s

</system-out>
            <system-err></system-err>
        </testcase>
        <testcase name="stats::thread::tests::test_thread_stat_resume" classname="cardano-chain-follower" timestamp="2025-11-08T00:50:40.614+00:00" time="0.069">
            <system-out>
running 1 test
test stats::thread::tests::test_thread_stat_resume ... ok

test result: ok. 1 passed; 0 failed; 0 ignored; 0 measured; 21 filtered out; finished in 0.01s

</system-out>
            <system-err></system-err>
        </testcase>
        <testcase name="stats::thread::tests::test_thread_stat_stop" classname="cardano-chain-follower" timestamp="2025-11-08T00:50:40.618+00:00" time="0.065">
            <system-out>
running 1 test
test stats::thread::tests::test_thread_stat_stop ... ok

test result: ok. 1 passed; 0 failed; 0 ignored; 0 measured; 21 filtered out; finished in 0.00s

</system-out>
            <system-err></system-err>
        </testcase>
        <testcase name="stats::tests::test_new_live_block" classname="cardano-chain-follower" timestamp="2025-11-08T00:50:40.593+00:00" time="0.103">
            <system-out>
running 1 test
test stats::tests::test_new_live_block ... ok

test result: ok. 1 passed; 0 failed; 0 ignored; 0 measured; 21 filtered out; finished in 0.01s

</system-out>
            <system-err></system-err>
        </testcase>
        <testcase name="stats::thread::tests::test_thread_stat_pause" classname="cardano-chain-follower" timestamp="2025-11-08T00:50:40.609+00:00" time="0.088">
            <system-out>
running 1 test
test stats::thread::tests::test_thread_stat_pause ... ok

test result: ok. 1 passed; 0 failed; 0 ignored; 0 measured; 21 filtered out; finished in 0.00s

</system-out>
            <system-err></system-err>
        </testcase>
    </testsuite>
    <testsuite name="catalyst-voting" tests="21" disabled="0" errors="0" failures="0">
        <testcase name="crypto::group::ristretto255::decoding::tests::scalar_to_bytes_from_bytes_test" classname="catalyst-voting" timestamp="2025-11-08T00:50:41.342+00:00" time="0.019">
            <system-out>
running 1 test
test crypto::group::ristretto255::decoding::tests::scalar_to_bytes_from_bytes_test ... ok

test result: ok. 1 passed; 0 failed; 0 ignored; 0 measured; 20 filtered out; finished in 0.01s

</system-out>
            <system-err></system-err>
        </testcase>
        <testcase name="crypto::zk_unit_vector::polynomial::tests::polynomial_test" classname="catalyst-voting" timestamp="2025-11-08T00:50:41.351+00:00" time="0.053">
            <system-out>
running 1 test
test crypto::zk_unit_vector::polynomial::tests::polynomial_test ... ok

test result: ok. 1 passed; 0 failed; 0 ignored; 0 measured; 20 filtered out; finished in 0.00s

</system-out>
            <system-err></system-err>
        </testcase>
        <testcase name="crypto::zk_unit_vector::decoding::tests::response_randomness_to_bytes_from_bytes_test" classname="catalyst-voting" timestamp="2025-11-08T00:50:41.350+00:00" time="0.053">
            <system-out>
running 1 test
test crypto::zk_unit_vector::decoding::tests::response_randomness_to_bytes_from_bytes_test ... ok

test result: ok. 1 passed; 0 failed; 0 ignored; 0 measured; 20 filtered out; finished in 0.01s

</system-out>
            <system-err></system-err>
        </testcase>
        <testcase name="crypto::zk_unit_vector::utils::tests::get_bit_test" classname="catalyst-voting" timestamp="2025-11-08T00:50:41.361+00:00" time="0.043">
            <system-out>
running 1 test
test crypto::zk_unit_vector::utils::tests::get_bit_test ... ok

test result: ok. 1 passed; 0 failed; 0 ignored; 0 measured; 20 filtered out; finished in 0.01s

</system-out>
            <system-err></system-err>
        </testcase>
        <testcase name="vote_protocol::voter::tests::vote_test" classname="catalyst-voting" timestamp="2025-11-08T00:50:41.379+00:00" time="0.025">
            <system-out>
running 1 test
test vote_protocol::voter::tests::vote_test ... ok

test result: ok. 1 passed; 0 failed; 0 ignored; 0 measured; 20 filtered out; finished in 0.01s

</system-out>
            <system-err></system-err>
        </testcase>
        <testcase name="crypto::group::ristretto255::tests::scalar_arithmetic_tests" classname="catalyst-voting" timestamp="2025-11-08T00:50:41.344+00:00" time="0.110">
            <system-out>
running 1 test
test crypto::group::ristretto255::tests::scalar_arithmetic_tests ... ok

test result: ok. 1 passed; 0 failed; 0 ignored; 0 measured; 20 filtered out; finished in 0.10s

</system-out>
            <system-err></system-err>
        </testcase>
        <testcase name="vote_protocol::committee::decoding::tests::election_keys_to_bytes_from_bytes_test" classname="catalyst-voting" timestamp="2025-11-08T00:50:41.368+00:00" time="0.109">
            <system-out>
running 1 test
test vote_protocol::committee::decoding::tests::election_keys_to_bytes_from_bytes_test ... ok

test result: ok. 1 passed; 0 failed; 0 ignored; 0 measured; 20 filtered out; finished in 0.08s

</system-out>
            <system-err></system-err>
        </testcase>
        <testcase name="crypto::group::ristretto255::decoding::tests::group_element_to_bytes_from_bytes_test" classname="catalyst-voting" timestamp="2025-11-08T00:50:41.341+00:00" time="0.138">
            <system-out>
running 1 test
test crypto::group::ristretto255::decoding::tests::group_element_to_bytes_from_bytes_test ... ok

test result: ok. 1 passed; 0 failed; 0 ignored; 0 measured; 20 filtered out; finished in 0.11s

</system-out>
            <system-err></system-err>
        </testcase>
        <testcase name="crypto::elgamal::decoding::tests::ciphertext_to_bytes_from_bytes_test" classname="catalyst-voting" timestamp="2025-11-08T00:50:41.333+00:00" time="0.194">
            <system-out>
running 1 test
test crypto::elgamal::decoding::tests::ciphertext_to_bytes_from_bytes_test ... ok

test result: ok. 1 passed; 0 failed; 0 ignored; 0 measured; 20 filtered out; finished in 0.17s

</system-out>
            <system-err></system-err>
        </testcase>
        <testcase name="crypto::zk_unit_vector::decoding::tests::announcement_to_bytes_from_bytes_test" classname="catalyst-voting" timestamp="2025-11-08T00:50:41.346+00:00" time="0.188">
            <system-out>
running 1 test
test crypto::zk_unit_vector::decoding::tests::announcement_to_bytes_from_bytes_test ... ok

test result: ok. 1 passed; 0 failed; 0 ignored; 0 measured; 20 filtered out; finished in 0.16s

</system-out>
            <system-err></system-err>
        </testcase>
        <testcase name="crypto::elgamal::tests::ciphertext_add_test" classname="catalyst-voting" timestamp="2025-11-08T00:50:41.333+00:00" time="0.343">
            <system-out>
running 1 test
test crypto::elgamal::tests::ciphertext_add_test ... ok

test result: ok. 1 passed; 0 failed; 0 ignored; 0 measured; 20 filtered out; finished in 0.30s

</system-out>
            <system-err></system-err>
        </testcase>
        <testcase name="vote_protocol::voter::decoding::tests::encrypted_vote_to_bytes_from_bytes_test" classname="catalyst-voting" timestamp="2025-11-08T00:50:41.375+00:00" time="0.342">
            <system-out>
running 1 test
test vote_protocol::voter::decoding::tests::encrypted_vote_to_bytes_from_bytes_test ... ok

test result: ok. 1 passed; 0 failed; 0 ignored; 0 measured; 20 filtered out; finished in 0.33s

</system-out>
            <system-err></system-err>
        </testcase>
        <testcase name="crypto::zk_unit_vector::decoding::tests::proof_to_bytes_from_bytes_test" classname="catalyst-voting" timestamp="2025-11-08T00:50:41.350+00:00" time="0.494">
            <system-out>
running 1 test
test crypto::zk_unit_vector::decoding::tests::proof_to_bytes_from_bytes_test ... ok

test result: ok. 1 passed; 0 failed; 0 ignored; 0 measured; 20 filtered out; finished in 0.48s

</system-out>
            <system-err></system-err>
        </testcase>
        <testcase name="crypto::ed25519::tests::sign_test" classname="catalyst-voting" timestamp="2025-11-08T00:50:41.329+00:00" time="1.047">
            <system-out>
running 1 test
test crypto::ed25519::tests::sign_test ... ok

test result: ok. 1 passed; 0 failed; 0 ignored; 0 measured; 20 filtered out; finished in 1.04s

</system-out>
            <system-err></system-err>
        </testcase>
        <testcase name="crypto::group::ristretto255::tests::group_element_arithmetic_tests" classname="catalyst-voting" timestamp="2025-11-08T00:50:41.344+00:00" time="1.102">
            <system-out>
running 1 test
test crypto::group::ristretto255::tests::group_element_arithmetic_tests ... ok

test result: ok. 1 passed; 0 failed; 0 ignored; 0 measured; 20 filtered out; finished in 1.09s

</system-out>
            <system-err></system-err>
        </testcase>
        <testcase name="crypto::zk_dl_equality::tests::zk_dleq_test" classname="catalyst-voting" timestamp="2025-11-08T00:50:41.345+00:00" time="1.131">
            <system-out>
running 1 test
test crypto::zk_dl_equality::tests::zk_dleq_test ... ok

test result: ok. 1 passed; 0 failed; 0 ignored; 0 measured; 20 filtered out; finished in 1.12s

</system-out>
            <system-err></system-err>
        </testcase>
        <testcase name="crypto::babystep_giantstep::tests::baby_step_giant_step_test" classname="catalyst-voting" timestamp="2025-11-08T00:50:41.328+00:00" time="1.385">
            <system-out>
running 1 test
test crypto::babystep_giantstep::tests::baby_step_giant_step_test ... ok

test result: ok. 1 passed; 0 failed; 0 ignored; 0 measured; 20 filtered out; finished in 1.38s

</system-out>
            <system-err></system-err>
        </testcase>
        <testcase name="crypto::elgamal::tests::elgamal_encryption_decryption_test" classname="catalyst-voting" timestamp="2025-11-08T00:50:41.338+00:00" time="1.593">
            <system-out>
running 1 test
test crypto::elgamal::tests::elgamal_encryption_decryption_test ... ok

test result: ok. 1 passed; 0 failed; 0 ignored; 0 measured; 20 filtered out; finished in 1.58s

</system-out>
            <system-err></system-err>
        </testcase>
        <testcase name="crypto::zk_unit_vector::tests::zk_unit_vector_test" classname="catalyst-voting" timestamp="2025-11-08T00:50:41.360+00:00" time="2.255">
            <system-out>
running 1 test
test crypto::zk_unit_vector::tests::zk_unit_vector_test ... ok

test result: ok. 1 passed; 0 failed; 0 ignored; 0 measured; 20 filtered out; finished in 2.25s

</system-out>
            <system-err></system-err>
        </testcase>
        <testcase name="crypto::zk_unit_vector::tests::not_a_unit_vector_test" classname="catalyst-voting" timestamp="2025-11-08T00:50:41.353+00:00" time="2.329">
            <system-out>
running 1 test
test crypto::zk_unit_vector::tests::not_a_unit_vector_test ... ok

test result: ok. 1 passed; 0 failed; 0 ignored; 0 measured; 20 filtered out; finished in 2.32s

</system-out>
            <system-err></system-err>
        </testcase>
        <testcase name="crypto::elgamal::tests::ciphertext_mul_test" classname="catalyst-voting" timestamp="2025-11-08T00:50:41.337+00:00" time="3.224">
            <system-out>
running 1 test
test crypto::elgamal::tests::ciphertext_mul_test ... ok

test result: ok. 1 passed; 0 failed; 0 ignored; 0 measured; 20 filtered out; finished in 3.22s

</system-out>
            <system-err></system-err>
        </testcase>
    </testsuite>
</testsuites>
